{"numTotalTestSuites":34,"numPassedTestSuites":30,"numFailedTestSuites":4,"numPendingTestSuites":0,"numTotalTests":137,"numPassedTests":125,"numFailedTests":12,"numPendingTests":0,"numTodoTests":0,"snapshot":{"added":0,"failure":false,"filesAdded":0,"filesRemoved":0,"filesRemovedList":[],"filesUnmatched":0,"filesUpdated":0,"matched":0,"total":0,"unchecked":0,"uncheckedKeysByFile":[],"unmatched":0,"updated":0,"didUpdate":false},"startTime":1784645893017,"success":false,"testResults":[{"assertionResults":[{"ancestorTitles":["ThemeContext"],"fullName":"ThemeContext defaults to light theme when no preference","status":"passed","title":"defaults to light theme when no preference","duration":60.90559299999995,"failureMessages":[],"meta":{},"tags":[]},{"ancestorTitles":["ThemeContext"],"fullName":"ThemeContext uses dark theme from localStorage","status":"passed","title":"uses dark theme from localStorage","duration":4.242978000000221,"failureMessages":[],"meta":{},"tags":[]},{"ancestorTitles":["ThemeContext"],"fullName":"ThemeContext toggles between light and dark","status":"passed","title":"toggles between light and dark","duration":27.686533000000054,"failureMessages":[],"meta":{},"tags":[]},{"ancestorTitles":["ThemeContext"],"fullName":"ThemeContext persists theme to localStorage","status":"passed","title":"persists theme to localStorage","duration":11.250255999999808,"failureMessages":[],"meta":{},"tags":[]},{"ancestorTitles":["ThemeContext"],"fullName":"ThemeContext throws when useThemeContext is used outside provider","status":"passed","title":"throws when useThemeContext is used outside provider","duration":19.291078000000198,"failureMessages":[],"meta":{},"tags":[]}],"startTime":1784645904165,"endTime":1784645904289.291,"status":"passed","message":"","name":"/home/ziad/ziad_ws/Tahakom-v1-DashBoard/src/ThemeContext.test.jsx"},{"assertionResults":[{"ancestorTitles":["AddOutputModal"],"fullName":"AddOutputModal renders with name input and type buttons","status":"passed","title":"renders with name input and type buttons","duration":203.00905000000012,"failureMessages":[],"meta":{},"tags":[]},{"ancestorTitles":["AddOutputModal"],"fullName":"AddOutputModal defaults type to relay","status":"passed","title":"defaults type to relay","duration":25.77499799999987,"failureMessages":[],"meta":{},"tags":[]},{"ancestorTitles":["AddOutputModal"],"fullName":"AddOutputModal changes selected type on click","status":"passed","title":"changes selected type on click","duration":35.413094999999885,"failureMessages":[],"meta":{},"tags":[]},{"ancestorTitles":["AddOutputModal"],"fullName":"AddOutputModal adds output with correct data","status":"passed","title":"adds output with correct data","duration":37.41911499999969,"failureMessages":[],"meta":{},"tags":[]},{"ancestorTitles":["AddOutputModal"],"fullName":"AddOutputModal adds output with VFD type","status":"passed","title":"adds output with VFD type","duration":40.37254699999994,"failureMessages":[],"meta":{},"tags":[]},{"ancestorTitles":["AddOutputModal"],"fullName":"AddOutputModal does not add output without name","status":"passed","title":"does not add output without name","duration":9.428124999999909,"failureMessages":[],"meta":{},"tags":[]},{"ancestorTitles":["AddOutputModal"],"fullName":"AddOutputModal calls onClose and onAdd on submit","status":"passed","title":"calls onClose and onAdd on submit","duration":16.70246300000008,"failureMessages":[],"meta":{},"tags":[]},{"ancestorTitles":["AddOutputModal"],"fullName":"AddOutputModal calls onClose when overlay clicked","status":"passed","title":"calls onClose when overlay clicked","duration":12.559359000000313,"failureMessages":[],"meta":{},"tags":[]}],"startTime":1784645901431,"endTime":1784645901811.5593,"status":"passed","message":"","name":"/home/ziad/ziad_ws/Tahakom-v1-DashBoard/src/components/AddOutputModal.test.jsx"},{"assertionResults":[{"ancestorTitles":["AddSensorModal"],"fullName":"AddSensorModal renders in custom mode by default","status":"passed","title":"renders in custom mode by default","duration":196.89609900000005,"failureMessages":[],"meta":{},"tags":[]},{"ancestorTitles":["AddSensorModal"],"fullName":"AddSensorModal switches to preset mode","status":"passed","title":"switches to preset mode","duration":46.31450700000005,"failureMessages":[],"meta":{},"tags":[]},{"ancestorTitles":["AddSensorModal"],"fullName":"AddSensorModal shows all presets when none exist","status":"passed","title":"shows all presets when none exist","duration":39.2972420000001,"failureMessages":[],"meta":{},"tags":[]},{"ancestorTitles":["AddSensorModal"],"fullName":"AddSensorModal hides presets that are already added","status":"passed","title":"hides presets that are already added","duration":33.0096410000001,"failureMessages":[],"meta":{},"tags":[]},{"ancestorTitles":["AddSensorModal"],"fullName":"AddSensorModal shows empty state when all presets added","status":"passed","title":"shows empty state when all presets added","duration":16.699891000000207,"failureMessages":[],"meta":{},"tags":[]},{"ancestorTitles":["AddSensorModal"],"fullName":"AddSensorModal adds a preset sensor","status":"passed","title":"adds a preset sensor","duration":32.25096599999961,"failureMessages":[],"meta":{},"tags":[]},{"ancestorTitles":["AddSensorModal"],"fullName":"AddSensorModal adds a custom sensor","status":"failed","title":"adds a custom sensor","duration":40.5656240000003,"failureMessages":["TestingLibraryElementError: Unable to find an element with the text: Add Sensor. This could be because the text is broken up by multiple elements. In this case, you can provide a function for your text matcher to make your matcher more flexible.\n\nIgnored nodes: comments, script, style\n\u001b[36m<body>\u001b[39m\n  \u001b[36m<div>\u001b[39m\n    \u001b[36m<div\u001b[39m\n      \u001b[33mclass\u001b[39m=\u001b[32m\"fixed inset-0 z-50 flex items-center justify-center p-4\"\u001b[39m\n      \u001b[33mstyle\u001b[39m=\u001b[32m\"background: rgba(0, 0, 0, 0.5);\"\u001b[39m\n    \u001b[36m>\u001b[39m\n      \u001b[36m<div\u001b[39m\n        \u001b[33mclass\u001b[39m=\u001b[32m\"w-full max-w-sm bg-scada-panel border border-scada-border rounded-2xl shadow-2xl animate-scaleIn\"\u001b[39m\n        \u001b[33mdir\u001b[39m=\u001b[32m\"ltr\"\u001b[39m\n      \u001b[36m>\u001b[39m\n        \u001b[36m<div\u001b[39m\n          \u001b[33mclass\u001b[39m=\u001b[32m\"flex items-center justify-between px-5 py-4 border-b border-scada-border\"\u001b[39m\n        \u001b[36m>\u001b[39m\n          \u001b[36m<h3\u001b[39m\n            \u001b[33mclass\u001b[39m=\u001b[32m\"font-mono text-sm font-bold tracking-widest text-scada-text\"\u001b[39m\n          \u001b[36m>\u001b[39m\n            \u001b[0mAdd Custom Sensor\u001b[0m\n          \u001b[36m</h3>\u001b[39m\n          \u001b[36m<button\u001b[39m\n            \u001b[33mclass\u001b[39m=\u001b[32m\"p-1 rounded-lg text-scada-muted hover:text-scada-text hover:bg-scada-dim transition-colors\"\u001b[39m\n          \u001b[36m>\u001b[39m\n            \u001b[36m<svg\u001b[39m\n              \u001b[33mclass\u001b[39m=\u001b[32m\"lucide lucide-x \"\u001b[39m\n              \u001b[33mfill\u001b[39m=\u001b[32m\"none\"\u001b[39m\n              \u001b[33mheight\u001b[39m=\u001b[32m\"16\"\u001b[39m\n              \u001b[33mstroke\u001b[39m=\u001b[32m\"currentColor\"\u001b[39m\n              \u001b[33mstroke-linecap\u001b[39m=\u001b[32m\"round\"\u001b[39m\n              \u001b[33mstroke-linejoin\u001b[39m=\u001b[32m\"round\"\u001b[39m\n              \u001b[33mstroke-width\u001b[39m=\u001b[32m\"2\"\u001b[39m\n              \u001b[33mviewBox\u001b[39m=\u001b[32m\"0 0 24 24\"\u001b[39m\n              \u001b[33mwidth\u001b[39m=\u001b[32m\"16\"\u001b[39m\n              \u001b[33mxmlns\u001b[39m=\u001b[32m\"http://www.w3.org/2000/svg\"\u001b[39m\n            \u001b[36m>\u001b[39m\n              \u001b[36m<path\u001b[39m\n                \u001b[33md\u001b[39m=\u001b[32m\"M18 6 6 18\"\u001b[39m\n              \u001b[36m/>\u001b[39m\n              \u001b[36m<path\u001b[39m\n                \u001b[33md\u001b[39m=\u001b[32m\"m6 6 12 12\"\u001b[39m\n              \u001b[36m/>\u001b[39m\n            \u001b[36m</svg>\u001b[39m\n          \u001b[36m</button>\u001b[39m\n        \u001b[36m</div>\u001b[39m\n        \u001b[36m<div\u001b[39m\n          \u001b[33mclass\u001b[39m=\u001b[32m\"flex mx-5 mt-4 gap-1 bg-scada-bg rounded-lg p-1 border border-scada-border\"\u001b[39m\n        \u001b[36m>\u001b[39m\n          \u001b[36m<button\u001b[39m\n            \u001b[33mclass\u001b[39m=\u001b[32m\"flex-1 py-1.5 rounded-md font-mono text-[10px] font-bold tracking-wider transition-all bg-scada-panel text-scada-text shadow-sm\"\u001b[39m\n          \u001b[36m>\u001b[39m\n            \u001b[0mCUSTOM\u001b[0m\n          \u001b[36m</button>\u001b[39m\n          \u001b[36m<button\u001b[39m\n            \u001b[33mclass\u001b[39m=\u001b[32m\"flex-1 py-1.5 rounded-md font-mono text-[10px] font-bold tracking-wider transition-all text-scada-muted hover:text-scada-text\"\u001b[39m\n          \u001b[36m>\u001b[39m\n            \u001b[0mPRESET\u001b[0m\n          \u001b[36m</button>\u001b[39m\n        \u001b[36m</div>\u001b[39m\n        \u001b[36m<form\u001b[39m\n          \u001b[33mclass\u001b[39m=\u001b[32m\"p-5 space-y-4\"\u001b[39m\n        \u001b[36m>\u001b[39m\n          \u001b[36m<div>\u001b[39m\n            \u001b[36m<label\u001b[39m\n              \u001b[33mclass\u001b[39m=\u001b[32m\"block font-mono text-xs font-bold tracking-widest text-scada-text mb-1.5\"\u001b[39m\n            \u001b[36m>\u001b[39m\n              \u001b[0mSensor Name\u001b[0m\n            \u001b[36m</label>\u001b[39m\n            \u001b[36m<input\u001b[39m\n              \u001b[33mclass\u001b[39m=\u001b[32m\"w-full px-3 py-2 rounded-xl bg-scada-bg border border-scada-border font-mono text-sm text-scada-text placeholder:text-scada-muted/40 outline-none focus:border-primary transition-colors\"\u001b[39m\n              \u001b[33mdir\u001b[39m=\u001b[32m\"auto\"\u001b[39m\n              \u001b[33mplaceholder\u001b[39m=\u001b[32m\"e.g. Temperature, pH, Flow...\"\u001b[39m\n              \u001b[33mvalue\u001b[39m=\u001b[32m\"pH Meter\"\u001b[39m\n            \u001b[36m/>\u001b[39m\n          \u001b[36m</div>\u001b[39m\n          \u001b[36m<div>\u001b[39m\n            \u001b[36m<label\u001b[39m\n              \u001b[33mclass\u001b[39m=\u001b[32m\"block font-mono text-xs font-bold tracking-widest text-scada-text mb-1.5\"\u001b[39m\n            \u001b[36m>\u001b[39m\n              \u001b[0mUnit\u001b[0m\n            \u001b[36m</label>\u001b[39m\n            \u001b[36m<input\u001b[39m\n              \u001b[33mclass\u001b[39m=\u001b[32m\"w-full px-3 py-2 rounded-xl bg-scada-bg border border-scada-border font-mono text-sm text-scada-text placeholder:text-scada-muted/40 outline-none focus:border-primary transition-colors\"\u001b[39m\n              \u001b[33mdir\u001b[39m=\u001b[32m\"auto\"\u001b[39m\n              \u001b[33mplaceholder\u001b[39m=\u001b[32m\"e.g. °C, pH, L/min...\"\u001b[39m\n              \u001b[33mvalue\u001b[39m=\u001b[32m\"pH\"\u001b[39m\n            \u001b[36m/>\u001b[39m\n          \u001b[36m</div>\u001b[39m\n          \u001b[36m<div\u001b[39m\n            \u001b[33mclass\u001b[39m=\u001b[32m\"grid grid-cols-2 gap-3\"\u001b[39m\n          \u001b[36m>\u001b[39m\n            \u001b[36m<div>\u001b[39m\n              \u001b[36m<label\u001b[39m\n                \u001b[33mclass\u001b[39m=\u001b[32m\"block font-mono text-xs font-bold tracking-widest text-scada-text mb-1.5\"\u001b[39m\n              \u001b[36m>\u001b[39m\n                \u001b[0mRange Min\u001b[0m\n              \u001b[36m</label>\u001b[39m\n              \u001b[36m<input\u001b[39m\n                \u001b[33mclass\u001b[39m=\u001b[32m\"w-full px-3 py-2 rounded-xl bg-scada-bg border border-scada-border font-mono text-sm text-scada-text placeholder:text-scada-muted/40 outline-none focus:border-primary transition-colors\"\u001b[39m\n                \u001b[33mplaceholder\u001b[39m=\u001b[32m\"0\"\u001b[39m\n                \u001b[33mtype\u001b[39m=\u001b[32m\"number\"\u001b[39m\n                \u001b[33mvalue\u001b[39m=\u001b[32m\"\"\u001b[39m\n              \u001b[36m/>\u001b[39m\n            \u001b[36m</div>\u001b[39m\n            \u001b[36m<div>\u001b[39m\n              \u001b[36m<label\u001b[39m\n                \u001b[33mclass\u001b[39m=\u001b[32m\"block font-mono text-xs font-bold tracking-widest text-scada-text mb-1.5\"\u001b[39m\n              \u001b[36m>\u001b[39m\n                \u001b[0mRange Max\u001b[0m\n              \u001b[36m</label>\u001b[39m\n              \u001b[36m<input\u001b[39m\n                \u001b[33mclass\u001b[39m=\u001b[32m\"w-full px-3 py-2 rounded-xl bg-scada-bg border border-scada-border font-mono text-sm text-scada-text placeholder:text-scada-muted/40 outline-none focus:border-primary transition-colors\"\u001b[39m\n                \u001b[33mplaceholder\u001b[39m=\u001b[32m\"100\"\u001b[39m\n                \u001b[33mtype\u001b[39m=\u001b[32m\"number\"\u001b[39m\n                \u001b[33mvalue\u001b[39m=\u001b[32m\"\"\u001b[39m\n              \u001b[36m/>\u001b[39m\n            \u001b[36m</div>\u001b[39m\n          \u001b[36m</div>\u001b[39m\n          \u001b[36m<button\u001b[39m\n            \u001b[33mclass\u001b[39m=\u001b[32m\"w-full px-4 py-2.5 rounded-xl font-mono text-xs font-bold tracking-widest text-white transition-all hover:opacity-90\"\u001b[39m\n            \u001b[33mstyle\u001b[39m=\u001b[32m\"background: var(--color-primary);\"\u001b[39m\n            \u001b[33mtype\u001b[39m=\u001b[32m\"submit\"\u001b[39m\n          \u001b[36m>\u001b[39m\n            \u001b[0m+ Add Sensor\u001b[0m\n          \u001b[36m</button>\u001b[39m\n        \u001b[36m</form>\u001b[39m\n      \u001b[36m</div>\u001b[39m\n    \u001b[36m</div>\u001b[39m\n  \u001b[36m</div>\u001b[39m\n\u001b[36m</body>\u001b[39m\n    at Object.getElementError (/home/ziad/ziad_ws/Tahakom-v1-DashBoard/node_modules/@testing-library/dom/dist/config.js:37:19)\n    at /home/ziad/ziad_ws/Tahakom-v1-DashBoard/node_modules/@testing-library/dom/dist/query-helpers.js:76:38\n    at /home/ziad/ziad_ws/Tahakom-v1-DashBoard/node_modules/@testing-library/dom/dist/query-helpers.js:52:17\n    at /home/ziad/ziad_ws/Tahakom-v1-DashBoard/node_modules/@testing-library/dom/dist/query-helpers.js:95:19\n    at /home/ziad/ziad_ws/Tahakom-v1-DashBoard/src/components/AddSensorModal.test.jsx:61:28\n    at file:///home/ziad/ziad_ws/Tahakom-v1-DashBoard/node_modules/@vitest/runner/dist/chunk-artifact.js:302:11\n    at file:///home/ziad/ziad_ws/Tahakom-v1-DashBoard/node_modules/@vitest/runner/dist/chunk-artifact.js:1903:26\n    at file:///home/ziad/ziad_ws/Tahakom-v1-DashBoard/node_modules/@vitest/runner/dist/chunk-artifact.js:2326:20\n    at new Promise (<anonymous>)\n    at runWithCancel (file:///home/ziad/ziad_ws/Tahakom-v1-DashBoard/node_modules/@vitest/runner/dist/chunk-artifact.js:2323:10)"],"meta":{},"tags":[]},{"ancestorTitles":["AddSensorModal"],"fullName":"AddSensorModal does not add custom sensor without name","status":"failed","title":"does not add custom sensor without name","duration":17.981815000000097,"failureMessages":["TestingLibraryElementError: Unable to find an element with the text: Add Sensor. This could be because the text is broken up by multiple elements. In this case, you can provide a function for your text matcher to make your matcher more flexible.\n\nIgnored nodes: comments, script, style\n\u001b[36m<body>\u001b[39m\n  \u001b[36m<div>\u001b[39m\n    \u001b[36m<div\u001b[39m\n      \u001b[33mclass\u001b[39m=\u001b[32m\"fixed inset-0 z-50 flex items-center justify-center p-4\"\u001b[39m\n      \u001b[33mstyle\u001b[39m=\u001b[32m\"background: rgba(0, 0, 0, 0.5);\"\u001b[39m\n    \u001b[36m>\u001b[39m\n      \u001b[36m<div\u001b[39m\n        \u001b[33mclass\u001b[39m=\u001b[32m\"w-full max-w-sm bg-scada-panel border border-scada-border rounded-2xl shadow-2xl animate-scaleIn\"\u001b[39m\n        \u001b[33mdir\u001b[39m=\u001b[32m\"ltr\"\u001b[39m\n      \u001b[36m>\u001b[39m\n        \u001b[36m<div\u001b[39m\n          \u001b[33mclass\u001b[39m=\u001b[32m\"flex items-center justify-between px-5 py-4 border-b border-scada-border\"\u001b[39m\n        \u001b[36m>\u001b[39m\n          \u001b[36m<h3\u001b[39m\n            \u001b[33mclass\u001b[39m=\u001b[32m\"font-mono text-sm font-bold tracking-widest text-scada-text\"\u001b[39m\n          \u001b[36m>\u001b[39m\n            \u001b[0mAdd Custom Sensor\u001b[0m\n          \u001b[36m</h3>\u001b[39m\n          \u001b[36m<button\u001b[39m\n            \u001b[33mclass\u001b[39m=\u001b[32m\"p-1 rounded-lg text-scada-muted hover:text-scada-text hover:bg-scada-dim transition-colors\"\u001b[39m\n          \u001b[36m>\u001b[39m\n            \u001b[36m<svg\u001b[39m\n              \u001b[33mclass\u001b[39m=\u001b[32m\"lucide lucide-x \"\u001b[39m\n              \u001b[33mfill\u001b[39m=\u001b[32m\"none\"\u001b[39m\n              \u001b[33mheight\u001b[39m=\u001b[32m\"16\"\u001b[39m\n              \u001b[33mstroke\u001b[39m=\u001b[32m\"currentColor\"\u001b[39m\n              \u001b[33mstroke-linecap\u001b[39m=\u001b[32m\"round\"\u001b[39m\n              \u001b[33mstroke-linejoin\u001b[39m=\u001b[32m\"round\"\u001b[39m\n              \u001b[33mstroke-width\u001b[39m=\u001b[32m\"2\"\u001b[39m\n              \u001b[33mviewBox\u001b[39m=\u001b[32m\"0 0 24 24\"\u001b[39m\n              \u001b[33mwidth\u001b[39m=\u001b[32m\"16\"\u001b[39m\n              \u001b[33mxmlns\u001b[39m=\u001b[32m\"http://www.w3.org/2000/svg\"\u001b[39m\n            \u001b[36m>\u001b[39m\n              \u001b[36m<path\u001b[39m\n                \u001b[33md\u001b[39m=\u001b[32m\"M18 6 6 18\"\u001b[39m\n              \u001b[36m/>\u001b[39m\n              \u001b[36m<path\u001b[39m\n                \u001b[33md\u001b[39m=\u001b[32m\"m6 6 12 12\"\u001b[39m\n              \u001b[36m/>\u001b[39m\n            \u001b[36m</svg>\u001b[39m\n          \u001b[36m</button>\u001b[39m\n        \u001b[36m</div>\u001b[39m\n        \u001b[36m<div\u001b[39m\n          \u001b[33mclass\u001b[39m=\u001b[32m\"flex mx-5 mt-4 gap-1 bg-scada-bg rounded-lg p-1 border border-scada-border\"\u001b[39m\n        \u001b[36m>\u001b[39m\n          \u001b[36m<button\u001b[39m\n            \u001b[33mclass\u001b[39m=\u001b[32m\"flex-1 py-1.5 rounded-md font-mono text-[10px] font-bold tracking-wider transition-all bg-scada-panel text-scada-text shadow-sm\"\u001b[39m\n          \u001b[36m>\u001b[39m\n            \u001b[0mCUSTOM\u001b[0m\n          \u001b[36m</button>\u001b[39m\n          \u001b[36m<button\u001b[39m\n            \u001b[33mclass\u001b[39m=\u001b[32m\"flex-1 py-1.5 rounded-md font-mono text-[10px] font-bold tracking-wider transition-all text-scada-muted hover:text-scada-text\"\u001b[39m\n          \u001b[36m>\u001b[39m\n            \u001b[0mPRESET\u001b[0m\n          \u001b[36m</button>\u001b[39m\n        \u001b[36m</div>\u001b[39m\n        \u001b[36m<form\u001b[39m\n          \u001b[33mclass\u001b[39m=\u001b[32m\"p-5 space-y-4\"\u001b[39m\n        \u001b[36m>\u001b[39m\n          \u001b[36m<div>\u001b[39m\n            \u001b[36m<label\u001b[39m\n              \u001b[33mclass\u001b[39m=\u001b[32m\"block font-mono text-xs font-bold tracking-widest text-scada-text mb-1.5\"\u001b[39m\n            \u001b[36m>\u001b[39m\n              \u001b[0mSensor Name\u001b[0m\n            \u001b[36m</label>\u001b[39m\n            \u001b[36m<input\u001b[39m\n              \u001b[33mclass\u001b[39m=\u001b[32m\"w-full px-3 py-2 rounded-xl bg-scada-bg border border-scada-border font-mono text-sm text-scada-text placeholder:text-scada-muted/40 outline-none focus:border-primary transition-colors\"\u001b[39m\n              \u001b[33mdir\u001b[39m=\u001b[32m\"auto\"\u001b[39m\n              \u001b[33mplaceholder\u001b[39m=\u001b[32m\"e.g. Temperature, pH, Flow...\"\u001b[39m\n              \u001b[33mvalue\u001b[39m=\u001b[32m\"\"\u001b[39m\n            \u001b[36m/>\u001b[39m\n          \u001b[36m</div>\u001b[39m\n          \u001b[36m<div>\u001b[39m\n            \u001b[36m<label\u001b[39m\n              \u001b[33mclass\u001b[39m=\u001b[32m\"block font-mono text-xs font-bold tracking-widest text-scada-text mb-1.5\"\u001b[39m\n            \u001b[36m>\u001b[39m\n              \u001b[0mUnit\u001b[0m\n            \u001b[36m</label>\u001b[39m\n            \u001b[36m<input\u001b[39m\n              \u001b[33mclass\u001b[39m=\u001b[32m\"w-full px-3 py-2 rounded-xl bg-scada-bg border border-scada-border font-mono text-sm text-scada-text placeholder:text-scada-muted/40 outline-none focus:border-primary transition-colors\"\u001b[39m\n              \u001b[33mdir\u001b[39m=\u001b[32m\"auto\"\u001b[39m\n              \u001b[33mplaceholder\u001b[39m=\u001b[32m\"e.g. °C, pH, L/min...\"\u001b[39m\n              \u001b[33mvalue\u001b[39m=\u001b[32m\"\"\u001b[39m\n            \u001b[36m/>\u001b[39m\n          \u001b[36m</div>\u001b[39m\n          \u001b[36m<div\u001b[39m\n            \u001b[33mclass\u001b[39m=\u001b[32m\"grid grid-cols-2 gap-3\"\u001b[39m\n          \u001b[36m>\u001b[39m\n            \u001b[36m<div>\u001b[39m\n              \u001b[36m<label\u001b[39m\n                \u001b[33mclass\u001b[39m=\u001b[32m\"block font-mono text-xs font-bold tracking-widest text-scada-text mb-1.5\"\u001b[39m\n              \u001b[36m>\u001b[39m\n                \u001b[0mRange Min\u001b[0m\n              \u001b[36m</label>\u001b[39m\n              \u001b[36m<input\u001b[39m\n                \u001b[33mclass\u001b[39m=\u001b[32m\"w-full px-3 py-2 rounded-xl bg-scada-bg border border-scada-border font-mono text-sm text-scada-text placeholder:text-scada-muted/40 outline-none focus:border-primary transition-colors\"\u001b[39m\n                \u001b[33mplaceholder\u001b[39m=\u001b[32m\"0\"\u001b[39m\n                \u001b[33mtype\u001b[39m=\u001b[32m\"number\"\u001b[39m\n                \u001b[33mvalue\u001b[39m=\u001b[32m\"\"\u001b[39m\n              \u001b[36m/>\u001b[39m\n            \u001b[36m</div>\u001b[39m\n            \u001b[36m<div>\u001b[39m\n              \u001b[36m<label\u001b[39m\n                \u001b[33mclass\u001b[39m=\u001b[32m\"block font-mono text-xs font-bold tracking-widest text-scada-text mb-1.5\"\u001b[39m\n              \u001b[36m>\u001b[39m\n                \u001b[0mRange Max\u001b[0m\n              \u001b[36m</label>\u001b[39m\n              \u001b[36m<input\u001b[39m\n                \u001b[33mclass\u001b[39m=\u001b[32m\"w-full px-3 py-2 rounded-xl bg-scada-bg border border-scada-border font-mono text-sm text-scada-text placeholder:text-scada-muted/40 outline-none focus:border-primary transition-colors\"\u001b[39m\n                \u001b[33mplaceholder\u001b[39m=\u001b[32m\"100\"\u001b[39m\n                \u001b[33mtype\u001b[39m=\u001b[32m\"number\"\u001b[39m\n                \u001b[33mvalue\u001b[39m=\u001b[32m\"\"\u001b[39m\n              \u001b[36m/>\u001b[39m\n            \u001b[36m</div>\u001b[39m\n          \u001b[36m</div>\u001b[39m\n          \u001b[36m<button\u001b[39m\n            \u001b[33mclass\u001b[39m=\u001b[32m\"w-full px-4 py-2.5 rounded-xl font-mono text-xs font-bold tracking-widest text-white transition-all hover:opacity-90\"\u001b[39m\n            \u001b[33mstyle\u001b[39m=\u001b[32m\"background: var(--color-primary);\"\u001b[39m\n            \u001b[33mtype\u001b[39m=\u001b[32m\"submit\"\u001b[39m\n          \u001b[36m>\u001b[39m\n            \u001b[0m+ Add Sensor\u001b[0m\n          \u001b[36m</button>\u001b[39m\n        \u001b[36m</form>\u001b[39m\n      \u001b[36m</div>\u001b[39m\n    \u001b[36m</div>\u001b[39m\n  \u001b[36m</div>\u001b[39m\n\u001b[36m</body>\u001b[39m\n    at Object.getElementError (/home/ziad/ziad_ws/Tahakom-v1-DashBoard/node_modules/@testing-library/dom/dist/config.js:37:19)\n    at /home/ziad/ziad_ws/Tahakom-v1-DashBoard/node_modules/@testing-library/dom/dist/query-helpers.js:76:38\n    at /home/ziad/ziad_ws/Tahakom-v1-DashBoard/node_modules/@testing-library/dom/dist/query-helpers.js:52:17\n    at /home/ziad/ziad_ws/Tahakom-v1-DashBoard/node_modules/@testing-library/dom/dist/query-helpers.js:95:19\n    at /home/ziad/ziad_ws/Tahakom-v1-DashBoard/src/components/AddSensorModal.test.jsx:68:28\n    at file:///home/ziad/ziad_ws/Tahakom-v1-DashBoard/node_modules/@vitest/runner/dist/chunk-artifact.js:302:11\n    at file:///home/ziad/ziad_ws/Tahakom-v1-DashBoard/node_modules/@vitest/runner/dist/chunk-artifact.js:1903:26\n    at file:///home/ziad/ziad_ws/Tahakom-v1-DashBoard/node_modules/@vitest/runner/dist/chunk-artifact.js:2326:20\n    at new Promise (<anonymous>)\n    at runWithCancel (file:///home/ziad/ziad_ws/Tahakom-v1-DashBoard/node_modules/@vitest/runner/dist/chunk-artifact.js:2323:10)"],"meta":{},"tags":[]},{"ancestorTitles":["AddSensorModal"],"fullName":"AddSensorModal calls onClose when overlay clicked","status":"failed","title":"calls onClose when overlay clicked","duration":22.123659999999745,"failureMessages":["Error: useI18n must be used within I18nProvider\n    at useI18n (/home/ziad/ziad_ws/Tahakom-v1-DashBoard/src/i18n/I18nContext.jsx:49:19)\n    at AddSensorModal (/home/ziad/ziad_ws/Tahakom-v1-DashBoard/src/components/AddSensorModal.jsx:13:24)\n    at renderWithHooks (/home/ziad/ziad_ws/Tahakom-v1-DashBoard/node_modules/react-dom/cjs/react-dom.development.js:15486:18)\n    at mountIndeterminateComponent (/home/ziad/ziad_ws/Tahakom-v1-DashBoard/node_modules/react-dom/cjs/react-dom.development.js:20103:13)\n    at beginWork (/home/ziad/ziad_ws/Tahakom-v1-DashBoard/node_modules/react-dom/cjs/react-dom.development.js:21626:16)\n    at beginWork$1 (/home/ziad/ziad_ws/Tahakom-v1-DashBoard/node_modules/react-dom/cjs/react-dom.development.js:27465:14)\n    at performUnitOfWork (/home/ziad/ziad_ws/Tahakom-v1-DashBoard/node_modules/react-dom/cjs/react-dom.development.js:26599:12)\n    at workLoopSync (/home/ziad/ziad_ws/Tahakom-v1-DashBoard/node_modules/react-dom/cjs/react-dom.development.js:26505:5)\n    at renderRootSync (/home/ziad/ziad_ws/Tahakom-v1-DashBoard/node_modules/react-dom/cjs/react-dom.development.js:26473:7)\n    at recoverFromConcurrentError (/home/ziad/ziad_ws/Tahakom-v1-DashBoard/node_modules/react-dom/cjs/react-dom.development.js:25889:20)"],"meta":{},"tags":[]},{"ancestorTitles":["AddSensorModal"],"fullName":"AddSensorModal calls onClose when X button clicked","status":"passed","title":"calls onClose when X button clicked","duration":284.5447640000002,"failureMessages":[],"meta":{},"tags":[]}],"startTime":1784645895714,"endTime":1784645896443.5447,"status":"failed","message":"","name":"/home/ziad/ziad_ws/Tahakom-v1-DashBoard/src/components/AddSensorModal.test.jsx"},{"assertionResults":[{"ancestorTitles":["buildSensorAlerts"],"fullName":"buildSensorAlerts returns empty array for no data","status":"passed","title":"returns empty array for no data","duration":5.425918000000365,"failureMessages":[],"meta":{},"tags":[]},{"ancestorTitles":["buildSensorAlerts"],"fullName":"buildSensorAlerts returns empty array for normal values","status":"passed","title":"returns empty array for normal values","duration":1.0429999999996653,"failureMessages":[],"meta":{},"tags":[]},{"ancestorTitles":["buildSensorAlerts"],"fullName":"buildSensorAlerts creates warning alert for elevated pressure","status":"passed","title":"creates warning alert for elevated pressure","duration":2.2602170000000115,"failureMessages":[],"meta":{},"tags":[]},{"ancestorTitles":["buildSensorAlerts"],"fullName":"buildSensorAlerts creates critical alert for excessive pressure","status":"passed","title":"creates critical alert for excessive pressure","duration":0.9342489999999088,"failureMessages":[],"meta":{},"tags":[]},{"ancestorTitles":["buildSensorAlerts"],"fullName":"buildSensorAlerts creates alerts for NPK warnings","status":"passed","title":"creates alerts for NPK warnings","duration":0.6823209999997744,"failureMessages":[],"meta":{},"tags":[]},{"ancestorTitles":["buildSensorAlerts"],"fullName":"buildSensorAlerts creates critical alerts for NPK","status":"passed","title":"creates critical alerts for NPK","duration":1.690682999999808,"failureMessages":[],"meta":{},"tags":[]},{"ancestorTitles":["buildSensorAlerts"],"fullName":"buildSensorAlerts creates alerts for Phosphorus warning","status":"passed","title":"creates alerts for Phosphorus warning","duration":0.6840729999998985,"failureMessages":[],"meta":{},"tags":[]},{"ancestorTitles":["buildSensorAlerts"],"fullName":"buildSensorAlerts creates alerts for Potassium critical","status":"passed","title":"creates alerts for Potassium critical","duration":0.4374450000000252,"failureMessages":[],"meta":{},"tags":[]},{"ancestorTitles":["buildSensorAlerts"],"fullName":"buildSensorAlerts sorts critical alerts before warnings","status":"passed","title":"sorts critical alerts before warnings","duration":0.39146100000016304,"failureMessages":[],"meta":{},"tags":[]},{"ancestorTitles":["buildSensorAlerts"],"fullName":"buildSensorAlerts handles multiple alerts simultaneously","status":"passed","title":"handles multiple alerts simultaneously","duration":0.6502380000001722,"failureMessages":[],"meta":{},"tags":[]},{"ancestorTitles":["buildSensorAlerts"],"fullName":"buildSensorAlerts includes value and unit in alert","status":"passed","title":"includes value and unit in alert","duration":0.24114899999995032,"failureMessages":[],"meta":{},"tags":[]},{"ancestorTitles":["buildSensorAlerts"],"fullName":"buildSensorAlerts ignores sensors without threshold config","status":"passed","title":"ignores sensors without threshold config","duration":0.17808299999978772,"failureMessages":[],"meta":{},"tags":[]},{"ancestorTitles":["buildMotorAlerts"],"fullName":"buildMotorAlerts returns empty when no controls","status":"passed","title":"returns empty when no controls","duration":0.2444909999999254,"failureMessages":[],"meta":{},"tags":[]},{"ancestorTitles":["buildMotorAlerts"],"fullName":"buildMotorAlerts returns empty when status unchanged","status":"passed","title":"returns empty when status unchanged","duration":0.2137990000001082,"failureMessages":[],"meta":{},"tags":[]},{"ancestorTitles":["buildMotorAlerts"],"fullName":"buildMotorAlerts creates info event when pump starts","status":"passed","title":"creates info event when pump starts","duration":0.4757640000002539,"failureMessages":[],"meta":{},"tags":[]},{"ancestorTitles":["buildMotorAlerts"],"fullName":"buildMotorAlerts creates warning event when pump stops","status":"passed","title":"creates warning event when pump stops","duration":0.2942769999999655,"failureMessages":[],"meta":{},"tags":[]},{"ancestorTitles":["getNotifCount"],"fullName":"getNotifCount returns 0 for no data","status":"passed","title":"returns 0 for no data","duration":0.2017280000000028,"failureMessages":[],"meta":{},"tags":[]},{"ancestorTitles":["getNotifCount"],"fullName":"getNotifCount returns 0 for normal values","status":"passed","title":"returns 0 for normal values","duration":0.17368100000021514,"failureMessages":[],"meta":{},"tags":[]},{"ancestorTitles":["getNotifCount"],"fullName":"getNotifCount counts warning sensors","status":"passed","title":"counts warning sensors","duration":0.11506199999985256,"failureMessages":[],"meta":{},"tags":[]},{"ancestorTitles":["getNotifCount"],"fullName":"getNotifCount counts critical sensors","status":"passed","title":"counts critical sensors","duration":0.1100019999998949,"failureMessages":[],"meta":{},"tags":[]},{"ancestorTitles":["getNotifCount"],"fullName":"getNotifCount counts multiple alerting sensors","status":"passed","title":"counts multiple alerting sensors","duration":0.11494400000037786,"failureMessages":[],"meta":{},"tags":[]},{"ancestorTitles":["formatTime"],"fullName":"formatTime returns empty for null/undefined","status":"passed","title":"returns empty for null/undefined","duration":0.19290899999987232,"failureMessages":[],"meta":{},"tags":[]},{"ancestorTitles":["formatTime"],"fullName":"formatTime formats ISO string to time","status":"passed","title":"formats ISO string to time","duration":31.975686999999652,"failureMessages":[],"meta":{},"tags":[]},{"ancestorTitles":["formatDate"],"fullName":"formatDate returns empty for null","status":"passed","title":"returns empty for null","duration":0.2244860000000699,"failureMessages":[],"meta":{},"tags":[]},{"ancestorTitles":["formatDate"],"fullName":"formatDate formats today with \"Today\" prefix","status":"passed","title":"formats today with \"Today\" prefix","duration":0.3209330000004229,"failureMessages":[],"meta":{},"tags":[]}],"startTime":1784645904825,"endTime":1784645904875.321,"status":"passed","message":"","name":"/home/ziad/ziad_ws/Tahakom-v1-DashBoard/src/components/NotificationsPage.test.jsx"},{"assertionResults":[{"ancestorTitles":["OutputCard"],"fullName":"OutputCard renders VFD output with name and type","status":"passed","title":"renders VFD output with name and type","duration":201.25445999999965,"failureMessages":[],"meta":{},"tags":[]},{"ancestorTitles":["OutputCard"],"fullName":"OutputCard shows VFD type label from translation","status":"passed","title":"shows VFD type label from translation","duration":30.3297849999999,"failureMessages":[],"meta":{},"tags":[]},{"ancestorTitles":["OutputCard"],"fullName":"OutputCard shows relay type label for relay outputs","status":"passed","title":"shows relay type label for relay outputs","duration":10.623237000000245,"failureMessages":[],"meta":{},"tags":[]},{"ancestorTitles":["OutputCard"],"fullName":"OutputCard toggles power on/off when clicking power button","status":"passed","title":"toggles power on/off when clicking power button","duration":103.7889540000001,"failureMessages":[],"meta":{},"tags":[]},{"ancestorTitles":["OutputCard"],"fullName":"OutputCard shows speed slider for VFD","status":"passed","title":"shows speed slider for VFD","duration":27.075141000000258,"failureMessages":[],"meta":{},"tags":[]},{"ancestorTitles":["OutputCard"],"fullName":"OutputCard shows speed slider for motor","status":"passed","title":"shows speed slider for motor","duration":28.365982999999687,"failureMessages":[],"meta":{},"tags":[]},{"ancestorTitles":["OutputCard"],"fullName":"OutputCard does not show speed slider for relay","status":"passed","title":"does not show speed slider for relay","duration":8.955857000000378,"failureMessages":[],"meta":{},"tags":[]},{"ancestorTitles":["OutputCard"],"fullName":"OutputCard does not show speed slider for valve","status":"passed","title":"does not show speed slider for valve","duration":18.60295300000007,"failureMessages":[],"meta":{},"tags":[]},{"ancestorTitles":["OutputCard"],"fullName":"OutputCard shows direction buttons for motor","status":"passed","title":"shows direction buttons for motor","duration":24.096586000000116,"failureMessages":[],"meta":{},"tags":[]},{"ancestorTitles":["OutputCard"],"fullName":"OutputCard shows direction buttons for VFD","status":"passed","title":"shows direction buttons for VFD","duration":36.464714000000185,"failureMessages":[],"meta":{},"tags":[]},{"ancestorTitles":["OutputCard"],"fullName":"OutputCard does not show direction for relay","status":"passed","title":"does not show direction for relay","duration":24.53616699999975,"failureMessages":[],"meta":{},"tags":[]},{"ancestorTitles":["OutputCard"],"fullName":"OutputCard shows consumption for VFD","status":"passed","title":"shows consumption for VFD","duration":22.421304999999847,"failureMessages":[],"meta":{},"tags":[]},{"ancestorTitles":["OutputCard"],"fullName":"OutputCard shows consumption for motor","status":"passed","title":"shows consumption for motor","duration":20.030747999999676,"failureMessages":[],"meta":{},"tags":[]},{"ancestorTitles":["OutputCard"],"fullName":"OutputCard does NOT show consumption for relay","status":"passed","title":"does NOT show consumption for relay","duration":8.232077000000118,"failureMessages":[],"meta":{},"tags":[]},{"ancestorTitles":["OutputCard"],"fullName":"OutputCard does NOT show consumption for valve","status":"passed","title":"does NOT show consumption for valve","duration":8.357336999999916,"failureMessages":[],"meta":{},"tags":[]},{"ancestorTitles":["OutputCard"],"fullName":"OutputCard shows delete button for all outputs","status":"passed","title":"shows delete button for all outputs","duration":31.28146899999956,"failureMessages":[],"meta":{},"tags":[]},{"ancestorTitles":["OutputCard"],"fullName":"OutputCard calls onDelete when delete button clicked","status":"passed","title":"calls onDelete when delete button clicked","duration":20.68558899999971,"failureMessages":[],"meta":{},"tags":[]},{"ancestorTitles":["OutputCard"],"fullName":"OutputCard starts with power OFF","status":"passed","title":"starts with power OFF","duration":18.3051260000002,"failureMessages":[],"meta":{},"tags":[]},{"ancestorTitles":["OutputCard"],"fullName":"OutputCard speed slider starts at 25 for VFD","status":"passed","title":"speed slider starts at 25 for VFD","duration":26.52163399999972,"failureMessages":[],"meta":{},"tags":[]},{"ancestorTitles":["OutputCard"],"fullName":"OutputCard speed slider starts at 0 for motor","status":"passed","title":"speed slider starts at 0 for motor","duration":17.738242999999784,"failureMessages":[],"meta":{},"tags":[]}],"startTime":1784645901025,"endTime":1784645901712.7383,"status":"passed","message":"","name":"/home/ziad/ziad_ws/Tahakom-v1-DashBoard/src/components/OutputCard.test.jsx"},{"assertionResults":[{"ancestorTitles":["SensorCard"],"fullName":"SensorCard returns null for unknown sensor type","status":"passed","title":"returns null for unknown sensor type","duration":32.558232999999746,"failureMessages":[],"meta":{},"tags":[]},{"ancestorTitles":["SensorCard"],"fullName":"SensorCard renders Nitrogen sensor with label and value","status":"passed","title":"renders Nitrogen sensor with label and value","duration":166.68519100000003,"failureMessages":[],"meta":{},"tags":[]},{"ancestorTitles":["SensorCard"],"fullName":"SensorCard renders Pressure sensor with value","status":"passed","title":"renders Pressure sensor with value","duration":49.73613800000021,"failureMessages":[],"meta":{},"tags":[]},{"ancestorTitles":["SensorCard"],"fullName":"SensorCard shows dash when value is null","status":"passed","title":"shows dash when value is null","duration":16.141462000000047,"failureMessages":[],"meta":{},"tags":[]},{"ancestorTitles":["SensorCard"],"fullName":"SensorCard shows dash when data is undefined","status":"passed","title":"shows dash when data is undefined","duration":34.03712499999983,"failureMessages":[],"meta":{},"tags":[]},{"ancestorTitles":["SensorCard"],"fullName":"SensorCard shows normal status color for safe values","status":"passed","title":"shows normal status color for safe values","duration":21.394050999999763,"failureMessages":[],"meta":{},"tags":[]},{"ancestorTitles":["SensorCard"],"fullName":"SensorCard shows warning status for elevated values","status":"passed","title":"shows warning status for elevated values","duration":16.692111000000295,"failureMessages":[],"meta":{},"tags":[]},{"ancestorTitles":["SensorCard"],"fullName":"SensorCard shows critical status for out-of-range values","status":"passed","title":"shows critical status for out-of-range values","duration":28.998337999999876,"failureMessages":[],"meta":{},"tags":[]},{"ancestorTitles":["SensorCard"],"fullName":"SensorCard shows NPK critical alert for NPK sensors in critical","status":"passed","title":"shows NPK critical alert for NPK sensors in critical","duration":19.316215000000284,"failureMessages":[],"meta":{},"tags":[]},{"ancestorTitles":["SensorCard"],"fullName":"SensorCard displays timestamp when created_at is present","status":"passed","title":"displays timestamp when created_at is present","duration":10.998841999999968,"failureMessages":[],"meta":{},"tags":[]},{"ancestorTitles":["SensorCard"],"fullName":"SensorCard renders Potassium sensor with correct icon","status":"passed","title":"renders Potassium sensor with correct icon","duration":20.962727000000086,"failureMessages":[],"meta":{},"tags":[]},{"ancestorTitles":["SensorCard"],"fullName":"SensorCard renders Phosphorus sensor","status":"passed","title":"renders Phosphorus sensor","duration":10.43852700000025,"failureMessages":[],"meta":{},"tags":[]},{"ancestorTitles":["SensorCard"],"fullName":"SensorCard formats small values with 3 decimal places","status":"passed","title":"formats small values with 3 decimal places","duration":8.676837999999861,"failureMessages":[],"meta":{},"tags":[]},{"ancestorTitles":["SensorCard"],"fullName":"SensorCard formats medium values with 2 decimal places","status":"passed","title":"formats medium values with 2 decimal places","duration":11.72662199999968,"failureMessages":[],"meta":{},"tags":[]},{"ancestorTitles":["SensorCard"],"fullName":"SensorCard formats large values with 1 decimal place","status":"passed","title":"formats large values with 1 decimal place","duration":9.840599999999995,"failureMessages":[],"meta":{},"tags":[]}],"startTime":1784645902044,"endTime":1784645902502.8406,"status":"passed","message":"","name":"/home/ziad/ziad_ws/Tahakom-v1-DashBoard/src/components/SensorCard.test.jsx"},{"assertionResults":[{"ancestorTitles":["useAuth (Demo mode)"],"fullName":"useAuth (Demo mode) starts with loading=true then resolves to no user","status":"passed","title":"starts with loading=true then resolves to no user","duration":75.4251589999999,"failureMessages":[],"meta":{},"tags":[]},{"ancestorTitles":["useAuth (Demo mode)"],"fullName":"useAuth (Demo mode) signs in with demo credentials","status":"passed","title":"signs in with demo credentials","duration":838.8840689999997,"failureMessages":[],"meta":{},"tags":[]},{"ancestorTitles":["useAuth (Demo mode)"],"fullName":"useAuth (Demo mode) rejects invalid demo credentials","status":"passed","title":"rejects invalid demo credentials","duration":818.6106580000001,"failureMessages":[],"meta":{},"tags":[]},{"ancestorTitles":["useAuth (Demo mode)"],"fullName":"useAuth (Demo mode) signs out and clears user","status":"passed","title":"signs out and clears user","duration":826.9169090000005,"failureMessages":[],"meta":{},"tags":[]}],"startTime":1784645895757,"endTime":1784645898319.917,"status":"passed","message":"","name":"/home/ziad/ziad_ws/Tahakom-v1-DashBoard/src/hooks/useAuth.test.jsx"},{"assertionResults":[{"ancestorTitles":["I18nContext"],"fullName":"I18nContext defaults to English","status":"passed","title":"defaults to English","duration":63.1777890000003,"failureMessages":[],"meta":{},"tags":[]},{"ancestorTitles":["I18nContext"],"fullName":"I18nContext returns English translations","status":"passed","title":"returns English translations","duration":5.528478000000177,"failureMessages":[],"meta":{},"tags":[]},{"ancestorTitles":["I18nContext"],"fullName":"I18nContext returns the key for missing translations","status":"passed","title":"returns the key for missing translations","duration":7.278366000000005,"failureMessages":[],"meta":{},"tags":[]},{"ancestorTitles":["I18nContext"],"fullName":"I18nContext toggles between English and Arabic","status":"passed","title":"toggles between English and Arabic","duration":20.036733000000368,"failureMessages":[],"meta":{},"tags":[]},{"ancestorTitles":["I18nContext"],"fullName":"I18nContext persists language to localStorage","status":"passed","title":"persists language to localStorage","duration":5.114571000000069,"failureMessages":[],"meta":{},"tags":[]},{"ancestorTitles":["I18nContext"],"fullName":"I18nContext uses saved language from localStorage","status":"passed","title":"uses saved language from localStorage","duration":2.8870750000000953,"failureMessages":[],"meta":{},"tags":[]},{"ancestorTitles":["I18nContext"],"fullName":"I18nContext throws when useI18n is used outside provider","status":"passed","title":"throws when useI18n is used outside provider","duration":30.941885999999613,"failureMessages":[],"meta":{},"tags":[]},{"ancestorTitles":["Arabic translations coverage"],"fullName":"Arabic translations coverage has all dashboard keys in Arabic","status":"passed","title":"has all dashboard keys in Arabic","duration":2.773164000000179,"failureMessages":[],"meta":{},"tags":[]},{"ancestorTitles":["Arabic translations coverage"],"fullName":"Arabic translations coverage has all auth keys in Arabic","status":"passed","title":"has all auth keys in Arabic","duration":0.8835019999996803,"failureMessages":[],"meta":{},"tags":[]},{"ancestorTitles":["Arabic translations coverage"],"fullName":"Arabic translations coverage has all nav keys in Arabic","status":"passed","title":"has all nav keys in Arabic","duration":0.9458719999997811,"failureMessages":[],"meta":{},"tags":[]},{"ancestorTitles":["Arabic translations coverage"],"fullName":"Arabic translations coverage has all support keys in Arabic","status":"passed","title":"has all support keys in Arabic","duration":0.7363940000000184,"failureMessages":[],"meta":{},"tags":[]},{"ancestorTitles":["Arabic translations coverage"],"fullName":"Arabic translations coverage has all login keys in Arabic","status":"passed","title":"has all login keys in Arabic","duration":0.6703340000003664,"failureMessages":[],"meta":{},"tags":[]}],"startTime":1784645903890,"endTime":1784645904032.6704,"status":"passed","message":"","name":"/home/ziad/ziad_ws/Tahakom-v1-DashBoard/src/i18n/I18nContext.test.jsx"},{"assertionResults":[{"ancestorTitles":["Performance: getSensorStatus"],"fullName":"Performance: getSensorStatus completes 1000 iterations in under 10ms","status":"passed","title":"completes 1000 iterations in under 10ms","duration":4.9753709999999955,"failureMessages":[],"meta":{},"tags":[]},{"ancestorTitles":["Performance: SENSORS lookup"],"fullName":"Performance: SENSORS lookup completes 10000 lookups in under 5ms","status":"passed","title":"completes 10000 lookups in under 5ms","duration":4.0031150000004345,"failureMessages":[],"meta":{},"tags":[]},{"ancestorTitles":["Performance: React renders"],"fullName":"Performance: React renders SensorCard renders in under 200ms","status":"passed","title":"SensorCard renders in under 200ms","duration":361.6979330000004,"failureMessages":[],"meta":{},"tags":[]},{"ancestorTitles":["Performance: React renders"],"fullName":"Performance: React renders OutputCard renders in under 200ms","status":"passed","title":"OutputCard renders in under 200ms","duration":56.17315099999996,"failureMessages":[],"meta":{},"tags":[]},{"ancestorTitles":["localStorage read/write performance"],"fullName":"localStorage read/write performance writes and reads 100 sensor entries in under 20ms","status":"passed","title":"writes and reads 100 sensor entries in under 20ms","duration":3.2686640000001717,"failureMessages":[],"meta":{},"tags":[]},{"ancestorTitles":["localStorage read/write performance"],"fullName":"localStorage read/write performance handles 50 output entries under 10ms","status":"passed","title":"handles 50 output entries under 10ms","duration":1.1027540000000045,"failureMessages":[],"meta":{},"tags":[]},{"ancestorTitles":["i18n translation performance"],"fullName":"i18n translation performance 1000 translations complete in under 5ms","status":"passed","title":"1000 translations complete in under 5ms","duration":5.866324999999961,"failureMessages":[],"meta":{},"tags":[]},{"ancestorTitles":["buildSensorAlerts performance"],"fullName":"buildSensorAlerts performance processes 100 sensor readings in under 5ms","status":"passed","title":"processes 100 sensor readings in under 5ms","duration":189.68512200000032,"failureMessages":[],"meta":{},"tags":[]}],"startTime":1784645898651,"endTime":1784645899279.685,"status":"passed","message":"","name":"/home/ziad/ziad_ws/Tahakom-v1-DashBoard/src/lib/performance.test.js"},{"assertionResults":[{"ancestorTitles":["SENSORS registry"],"fullName":"SENSORS registry defines all 4 sensors","status":"passed","title":"defines all 4 sensors","duration":3.3365870000000086,"failureMessages":[],"meta":{},"tags":[]},{"ancestorTitles":["SENSORS registry"],"fullName":"SENSORS registry each sensor has required fields","status":"passed","title":"each sensor has required fields","duration":1.9712750000001051,"failureMessages":[],"meta":{},"tags":[]},{"ancestorTitles":["SENSORS registry"],"fullName":"SENSORS registry pressure sensor has correct specs","status":"passed","title":"pressure sensor has correct specs","duration":1.1457970000001296,"failureMessages":[],"meta":{},"tags":[]},{"ancestorTitles":["SENSORS registry"],"fullName":"SENSORS registry NPK sensors have same threshold config","status":"passed","title":"NPK sensors have same threshold config","duration":0.4876160000001164,"failureMessages":[],"meta":{},"tags":[]},{"ancestorTitles":["getSensorStatus"],"fullName":"getSensorStatus returns unknown for null/undefined/unknown type","status":"passed","title":"returns unknown for null/undefined/unknown type","duration":0.32030500000018947,"failureMessages":[],"meta":{},"tags":[]},{"ancestorTitles":["getSensorStatus"],"fullName":"getSensorStatus returns normal for safe values","status":"passed","title":"returns normal for safe values","duration":0.2660449999998491,"failureMessages":[],"meta":{},"tags":[]},{"ancestorTitles":["getSensorStatus"],"fullName":"getSensorStatus returns warning when at threshold","status":"passed","title":"returns warning when at threshold","duration":0.24626499999999396,"failureMessages":[],"meta":{},"tags":[]},{"ancestorTitles":["getSensorStatus"],"fullName":"getSensorStatus returns warning for values between warning and critical","status":"passed","title":"returns warning for values between warning and critical","duration":0.22841199999993478,"failureMessages":[],"meta":{},"tags":[]},{"ancestorTitles":["getSensorStatus"],"fullName":"getSensorStatus returns critical for values at or above critical threshold","status":"passed","title":"returns critical for values at or above critical threshold","duration":0.41838400000006004,"failureMessages":[],"meta":{},"tags":[]},{"ancestorTitles":["getSensorStatus"],"fullName":"getSensorStatus returns normal for zero value","status":"passed","title":"returns normal for zero value","duration":0.27674100000012913,"failureMessages":[],"meta":{},"tags":[]},{"ancestorTitles":["getSensorStatus"],"fullName":"getSensorStatus handles boundary at max value","status":"passed","title":"handles boundary at max value","duration":0.1929609999999684,"failureMessages":[],"meta":{},"tags":[]},{"ancestorTitles":["STATUS_COLORS"],"fullName":"STATUS_COLORS has entries for all statuses","status":"passed","title":"has entries for all statuses","duration":0.23804600000016762,"failureMessages":[],"meta":{},"tags":[]},{"ancestorTitles":["STATUS_COLORS"],"fullName":"STATUS_COLORS each status has required style fields","status":"passed","title":"each status has required style fields","duration":0.5801480000000083,"failureMessages":[],"meta":{},"tags":[]},{"ancestorTitles":["STATUS_COLORS"],"fullName":"STATUS_COLORS normal status uses green","status":"passed","title":"normal status uses green","duration":0.3535139999999046,"failureMessages":[],"meta":{},"tags":[]},{"ancestorTitles":["STATUS_COLORS"],"fullName":"STATUS_COLORS critical status uses red","status":"passed","title":"critical status uses red","duration":0.15089899999998124,"failureMessages":[],"meta":{},"tags":[]}],"startTime":1784645905651,"endTime":1784645905662.3535,"status":"passed","message":"","name":"/home/ziad/ziad_ws/Tahakom-v1-DashBoard/src/lib/thresholds.test.js"},{"assertionResults":[{"ancestorTitles":["Dashboard Integration"],"fullName":"Dashboard Integration renders the header with brand name","status":"passed","title":"renders the header with brand name","duration":220.12491599999976,"failureMessages":[],"meta":{},"tags":[]},{"ancestorTitles":["Dashboard Integration"],"fullName":"Dashboard Integration shows sensor overview tab by default","status":"passed","title":"shows sensor overview tab by default","duration":75.94754000000012,"failureMessages":[],"meta":{},"tags":[]},{"ancestorTitles":["Dashboard Integration"],"fullName":"Dashboard Integration renders all 4 default sensor cards","status":"passed","title":"renders all 4 default sensor cards","duration":88.76887799999986,"failureMessages":[],"meta":{},"tags":[]},{"ancestorTitles":["Dashboard Integration"],"fullName":"Dashboard Integration shows live sensor values","status":"passed","title":"shows live sensor values","duration":59.6125390000002,"failureMessages":[],"meta":{},"tags":[]},{"ancestorTitles":["Dashboard Integration"],"fullName":"Dashboard Integration switches to charts tab when clicked","status":"failed","title":"switches to charts tab when clicked","duration":114.38998199999969,"failureMessages":["TestingLibraryElementError: Unable to find an element with the text: TREND ANALYSIS. This could be because the text is broken up by multiple elements. In this case, you can provide a function for your text matcher to make your matcher more flexible.\n\nIgnored nodes: comments, script, style\n\u001b[36m<body>\u001b[39m\n  \u001b[36m<div>\u001b[39m\n    \u001b[36m<div\u001b[39m\n      \u001b[33mclass\u001b[39m=\u001b[32m\"min-h-screen font-body bg-scada-bg\"\u001b[39m\n    \u001b[36m>\u001b[39m\n      \u001b[36m<header\u001b[39m\n        \u001b[33mclass\u001b[39m=\u001b[32m\"sticky top-0 z-40 bg-scada-panel border-b border-scada-border shadow-sm\"\u001b[39m\n      \u001b[36m>\u001b[39m\n        \u001b[36m<div\u001b[39m\n          \u001b[33mclass\u001b[39m=\u001b[32m\"flex items-center justify-between px-4 sm:px-6 h-12 sm:h-14\"\u001b[39m\n        \u001b[36m>\u001b[39m\n          \u001b[36m<div\u001b[39m\n            \u001b[33mclass\u001b[39m=\u001b[32m\"flex items-center gap-2 sm:gap-3 flex-shrink-0\"\u001b[39m\n          \u001b[36m>\u001b[39m\n            \u001b[36m<button\u001b[39m\n              \u001b[33maria-label\u001b[39m=\u001b[32m\"Menu\"\u001b[39m\n              \u001b[33mclass\u001b[39m=\u001b[32m\"p-1.5 rounded-lg transition-colors hover:bg-scada-dim mr-1 text-scada-text\"\u001b[39m\n            \u001b[36m>\u001b[39m\n              \u001b[36m<div\u001b[39m\n                \u001b[33mclass\u001b[39m=\u001b[32m\"flex flex-col gap-[5px]\"\u001b[39m\n              \u001b[36m>\u001b[39m\n                \u001b[36m<span\u001b[39m\n                  \u001b[33mclass\u001b[39m=\u001b[32m\"block w-5 h-0.5 bg-current rounded\"\u001b[39m\n                  \u001b[33mstyle\u001b[39m=\u001b[32m\"transition: transform 0.3s; transform: none;\"\u001b[39m\n                \u001b[36m/>\u001b[39m\n                \u001b[36m<span\u001b[39m\n                  \u001b[33mclass\u001b[39m=\u001b[32m\"block w-5 h-0.5 bg-current rounded\"\u001b[39m\n                  \u001b[33mstyle\u001b[39m=\u001b[32m\"transition: opacity 0.3s; opacity: 1;\"\u001b[39m\n                \u001b[36m/>\u001b[39m\n                \u001b[36m<span\u001b[39m\n                  \u001b[33mclass\u001b[39m=\u001b[32m\"block w-5 h-0.5 bg-current rounded\"\u001b[39m\n                  \u001b[33mstyle\u001b[39m=\u001b[32m\"transition: transform 0.3s; transform: none;\"\u001b[39m\n                \u001b[36m/>\u001b[39m\n              \u001b[36m</div>\u001b[39m\n            \u001b[36m</button>\u001b[39m\n            \u001b[36m<img\u001b[39m\n              \u001b[33malt\u001b[39m=\u001b[32m\"Tahakum Technology\"\u001b[39m\n              \u001b[33mclass\u001b[39m=\u001b[32m\"w-7 h-7 sm:w-8 sm:h-8\"\u001b[39m\n              \u001b[33msrc\u001b[39m=\u001b[32m\"./bolt-logo.svg\"\u001b[39m\n            \u001b[36m/>\u001b[39m\n            \u001b[36m<div\u001b[39m\n              \u001b[33mclass\u001b[39m=\u001b[32m\"hidden sm:block\"\u001b[39m\n            \u001b[36m>\u001b[39m\n              \u001b[36m<div\u001b[39m\n                \u001b[33mclass\u001b[39m=\u001b[32m\"font-display text-sm font-bold tracking-widest leading-none text-scada-text\"\u001b[39m\n              \u001b[36m>\u001b[39m\n                \u001b[0mTAHAKUM TECHNOLOGY\u001b[0m\n              \u001b[36m</div>\u001b[39m\n              \u001b[36m<div\u001b[39m\n                \u001b[33mclass\u001b[39m=\u001b[32m\"font-mono text-[10px] sm:text-xs leading-none mt-0.5 text-scada-muted\"\u001b[39m\n              \u001b[36m>\u001b[39m\n                \u001b[0mتحكم تكنولوجي\u001b[0m\n              \u001b[36m</div>\u001b[39m\n            \u001b[36m</div>\u001b[39m\n          \u001b[36m</div>\u001b[39m\n          \u001b[36m<div\u001b[39m\n            \u001b[33mclass\u001b[39m=\u001b[32m\"flex items-center gap-2\"\u001b[39m\n          \u001b[36m>\u001b[39m\n            \u001b[36m<button\u001b[39m\n              \u001b[33mclass\u001b[39m=\u001b[32m\"p-2 rounded-lg text-scada-muted hover:text-primary hover:bg-scada-dim transition-colors\"\u001b[39m\n            \u001b[36m>\u001b[39m\n              \u001b[36m<svg\u001b[39m\n                \u001b[33mclass\u001b[39m=\u001b[32m\"lucide lucide-sun \"\u001b[39m\n                \u001b[33mfill\u001b[39m=\u001b[32m\"none\"\u001b[39m\n                \u001b[33mheight\u001b[39m=\u001b[32m\"18\"\u001b[39m\n                \u001b[33mstroke\u001b[39m=\u001b[32m\"currentColor\"\u001b[39m\n                \u001b[33mstroke-linecap\u001b[39m=\u001b[32m\"round\"\u001b[39m\n                \u001b[33mstroke-linejoin\u001b[39m=\u001b[32m\"round\"\u001b[39m\n                \u001b[33mstroke-width\u001b[39m=\u001b[32m\"2\"\u001b[39m\n                \u001b[33mviewBox\u001b[39m=\u001b[32m\"0 0 24 24\"\u001b[39m\n                \u001b[33mwidth\u001b[39m=\u001b[32m\"18\"\u001b[39m\n                \u001b[33mxmlns\u001b[39m=\u001b[32m\"http://www.w3.org/2000/svg\"\u001b[39m\n              \u001b[36m>\u001b[39m\n                \u001b[36m<circle\u001b[39m\n                  \u001b[33mcx\u001b[39m=\u001b[32m\"12\"\u001b[39m\n                  \u001b[33mcy\u001b[39m=\u001b[32m\"12\"\u001b[39m\n                  \u001b[33mr\u001b[39m=\u001b[32m\"4\"\u001b[39m\n                \u001b[36m/>\u001b[39m\n                \u001b[36m<path\u001b[39m\n                  \u001b[33md\u001b[39m=\u001b[32m\"M12 2v2\"\u001b[39m\n                \u001b[36m/>\u001b[39m\n                \u001b[36m<path\u001b[39m\n                  \u001b[33md\u001b[39m=\u001b[32m\"M12 20v2\"\u001b[39m\n                \u001b[36m/>\u001b[39m\n                \u001b[36m<path\u001b[39m\n                  \u001b[33md\u001b[39m=\u001b[32m\"m4.93 4.93 1.41 1.41\"\u001b[39m\n                \u001b[36m/>\u001b[39m\n                \u001b[36m<path\u001b[39m\n                  \u001b[33md\u001b[39m=\u001b[32m\"m17.66 17.66 1.41 1.41\"\u001b[39m\n                \u001b[36m/>\u001b[39m\n                \u001b[36m<path\u001b[39m\n                  \u001b[33md\u001b[39m=\u001b[32m\"M2 12h2\"\u001b[39m\n                \u001b[36m/>\u001b[39m\n                \u001b[36m<path\u001b[39m\n                  \u001b[33md\u001b[39m=\u001b[32m\"M20 12h2\"\u001b[39m\n                \u001b[36m/>\u001b[39m\n                \u001b[36m<path\u001b[39m\n                  \u001b[33md\u001b[39m=\u001b[32m\"m6.34 17.66-1.41 1.41\"\u001b[39m\n                \u001b[36m/>\u001b[39m\n                \u001b[36m<path\u001b[39m\n                  \u001b[33md\u001b[39m=\u001b[32m\"m19.07 4.93-1.41 1.41\"\u001b[39m\n                \u001b[36m/>\u001b[39m\n              \u001b[36m</svg>\u001b[39m\n            \u001b[36m</button>\u001b[39m\n            \u001b[36m<button\u001b[39m\n              \u001b[33mclass\u001b[39m=\u001b[32m\"px-3 py-1.5 rounded-lg text-xs font-medium text-scada-muted hover:text-primary hover:bg-scada-dim transition-colors border border-scada-border\"\u001b[39m\n            \u001b[36m>\u001b[39m\n              \u001b[0mAR\u001b[0m\n            \u001b[36m</button>\u001b[39m\n            \u001b[36m<div\u001b[39m\n              \u001b[33mclass\u001b[39m=\u001b[32m\"w-2 h-2 rounded-full bg-green-500 animate-pulse\"\u001b[39m\n            \u001b[36m/>\u001b[39m\n            \u001b[36m<div\u001b[39m\n              \u001b[33mclass\u001b[39m=\u001b[32m\"hidden sm:flex items-center gap-1.5 px-2 sm:px-3 py-1.5 border border-scada-border rounded-lg bg-scada-dim/50\"\u001b[39m\n            \u001b[36m>\u001b[39m\n              \u001b[36m<div\u001b[39m\n                \u001b[33mclass\u001b[39m=\u001b[32m\"w-1.5 h-1.5 rounded-full bg-green-500 flex-shrink-0\"\u001b[39m\n              \u001b[36m/>\u001b[39m\n              \u001b[36m<span\u001b[39m\n                \u001b[33mclass\u001b[39m=\u001b[32m\"font-mono text-[11px] sm:text-xs text-scada-text max-w-[80px] sm:max-w-none truncate\"\u001b[39m\n              \u001b[36m>\u001b[39m\n                \u001b[0madmin\u001b[0m\n              \u001b[36m</span>\u001b[39m\n            \u001b[36m</div>\u001b[39m\n            \u001b[36m<button\u001b[39m\n              \u001b[33mclass\u001b[39m=\u001b[32m\"p-1.5 sm:p-2 text-scada-muted hover:text-scada-text transition-colors\"\u001b[39m\n              \u001b[33mtitle\u001b[39m=\u001b[32m\"Sign Out\"\u001b[39m\n            \u001b[36m>\u001b[39m\n              \u001b[36m<svg\u001b[39m\n                \u001b[33mclass\u001b[39m=\u001b[32m\"lucide lucide-log-out w-4 h-4\"\u001b[39m\n                \u001b[33mfill\u001b[39m=\u001b[32m\"none\"\u001b[39m\n                \u001b[33mheight\u001b[39m=\u001b[32m\"24\"\u001b[39m\n                \u001b[33mstroke\u001b[39m=\u001b[32m\"currentColor\"\u001b[39m\n                \u001b[33mstroke-linecap\u001b[39m=\u001b[32m\"round\"\u001b[39m\n                \u001b[33mstroke-linejoin\u001b[39m=\u001b[32m\"round\"\u001b[39m\n                \u001b[33mstroke-width\u001b[39m=\u001b[32m\"2\"\u001b[39m\n                \u001b[33mviewBox\u001b[39m=\u001b[32m\"0 0 24 24\"\u001b[39m\n                \u001b[33mwidth\u001b[39m=\u001b[32m\"24\"\u001b[39m\n                \u001b[33mxmlns\u001b[39m=\u001b[32m\"http://www.w3.org/2000/svg\"\u001b[39m\n              \u001b[36m>\u001b[39m\n                \u001b[36m<path\u001b[39m\n                  \u001b[33md\u001b[39m=\u001b[32m\"M9 21H5a2 2 0 0 1-2-2V5a2 2 0 0 1 2-2h4\"\u001b[39m\n                \u001b[36m/>\u001b[39m\n                \u001b[36m<polyline\u001b[39m\n                  \u001b[33mpoints\u001b[39m=\u001b[32m\"16 17 21 12 16 7\"\u001b[39m\n                \u001b[36m/>\u001b[39m\n                \u001b[36m<line\u001b[39m\n                  \u001b[33mx1\u001b[39m=\u001b[32m\"21\"\u001b[39m\n                  \u001b[33mx2\u001b[39m=\u001b[32m\"9\"\u001b[39m\n                  \u001b[3...\n    at Object.getElementError (/home/ziad/ziad_ws/Tahakom-v1-DashBoard/node_modules/@testing-library/dom/dist/config.js:37:19)\n    at /home/ziad/ziad_ws/Tahakom-v1-DashBoard/node_modules/@testing-library/dom/dist/query-helpers.js:76:38\n    at /home/ziad/ziad_ws/Tahakom-v1-DashBoard/node_modules/@testing-library/dom/dist/query-helpers.js:52:17\n    at /home/ziad/ziad_ws/Tahakom-v1-DashBoard/node_modules/@testing-library/dom/dist/query-helpers.js:95:19\n    at /home/ziad/ziad_ws/Tahakom-v1-DashBoard/src/pages/Dashboard.test.jsx:176:19\n    at file:///home/ziad/ziad_ws/Tahakom-v1-DashBoard/node_modules/@vitest/runner/dist/chunk-artifact.js:302:11\n    at file:///home/ziad/ziad_ws/Tahakom-v1-DashBoard/node_modules/@vitest/runner/dist/chunk-artifact.js:1903:26\n    at file:///home/ziad/ziad_ws/Tahakom-v1-DashBoard/node_modules/@vitest/runner/dist/chunk-artifact.js:2326:20\n    at new Promise (<anonymous>)\n    at runWithCancel (file:///home/ziad/ziad_ws/Tahakom-v1-DashBoard/node_modules/@vitest/runner/dist/chunk-artifact.js:2323:10)"],"meta":{},"tags":[]},{"ancestorTitles":["Dashboard Integration"],"fullName":"Dashboard Integration switches to control tab","status":"failed","title":"switches to control tab","duration":116.52992499999982,"failureMessages":["TestingLibraryElementError: Unable to find an element with the text: OUTPUT CONTROL PANEL. This could be because the text is broken up by multiple elements. In this case, you can provide a function for your text matcher to make your matcher more flexible.\n\nIgnored nodes: comments, script, style\n\u001b[36m<body>\u001b[39m\n  \u001b[36m<div>\u001b[39m\n    \u001b[36m<div\u001b[39m\n      \u001b[33mclass\u001b[39m=\u001b[32m\"min-h-screen font-body bg-scada-bg\"\u001b[39m\n    \u001b[36m>\u001b[39m\n      \u001b[36m<header\u001b[39m\n        \u001b[33mclass\u001b[39m=\u001b[32m\"sticky top-0 z-40 bg-scada-panel border-b border-scada-border shadow-sm\"\u001b[39m\n      \u001b[36m>\u001b[39m\n        \u001b[36m<div\u001b[39m\n          \u001b[33mclass\u001b[39m=\u001b[32m\"flex items-center justify-between px-4 sm:px-6 h-12 sm:h-14\"\u001b[39m\n        \u001b[36m>\u001b[39m\n          \u001b[36m<div\u001b[39m\n            \u001b[33mclass\u001b[39m=\u001b[32m\"flex items-center gap-2 sm:gap-3 flex-shrink-0\"\u001b[39m\n          \u001b[36m>\u001b[39m\n            \u001b[36m<button\u001b[39m\n              \u001b[33maria-label\u001b[39m=\u001b[32m\"Menu\"\u001b[39m\n              \u001b[33mclass\u001b[39m=\u001b[32m\"p-1.5 rounded-lg transition-colors hover:bg-scada-dim mr-1 text-scada-text\"\u001b[39m\n            \u001b[36m>\u001b[39m\n              \u001b[36m<div\u001b[39m\n                \u001b[33mclass\u001b[39m=\u001b[32m\"flex flex-col gap-[5px]\"\u001b[39m\n              \u001b[36m>\u001b[39m\n                \u001b[36m<span\u001b[39m\n                  \u001b[33mclass\u001b[39m=\u001b[32m\"block w-5 h-0.5 bg-current rounded\"\u001b[39m\n                  \u001b[33mstyle\u001b[39m=\u001b[32m\"transition: transform 0.3s; transform: none;\"\u001b[39m\n                \u001b[36m/>\u001b[39m\n                \u001b[36m<span\u001b[39m\n                  \u001b[33mclass\u001b[39m=\u001b[32m\"block w-5 h-0.5 bg-current rounded\"\u001b[39m\n                  \u001b[33mstyle\u001b[39m=\u001b[32m\"transition: opacity 0.3s; opacity: 1;\"\u001b[39m\n                \u001b[36m/>\u001b[39m\n                \u001b[36m<span\u001b[39m\n                  \u001b[33mclass\u001b[39m=\u001b[32m\"block w-5 h-0.5 bg-current rounded\"\u001b[39m\n                  \u001b[33mstyle\u001b[39m=\u001b[32m\"transition: transform 0.3s; transform: none;\"\u001b[39m\n                \u001b[36m/>\u001b[39m\n              \u001b[36m</div>\u001b[39m\n            \u001b[36m</button>\u001b[39m\n            \u001b[36m<img\u001b[39m\n              \u001b[33malt\u001b[39m=\u001b[32m\"Tahakum Technology\"\u001b[39m\n              \u001b[33mclass\u001b[39m=\u001b[32m\"w-7 h-7 sm:w-8 sm:h-8\"\u001b[39m\n              \u001b[33msrc\u001b[39m=\u001b[32m\"./bolt-logo.svg\"\u001b[39m\n            \u001b[36m/>\u001b[39m\n            \u001b[36m<div\u001b[39m\n              \u001b[33mclass\u001b[39m=\u001b[32m\"hidden sm:block\"\u001b[39m\n            \u001b[36m>\u001b[39m\n              \u001b[36m<div\u001b[39m\n                \u001b[33mclass\u001b[39m=\u001b[32m\"font-display text-sm font-bold tracking-widest leading-none text-scada-text\"\u001b[39m\n              \u001b[36m>\u001b[39m\n                \u001b[0mTAHAKUM TECHNOLOGY\u001b[0m\n              \u001b[36m</div>\u001b[39m\n              \u001b[36m<div\u001b[39m\n                \u001b[33mclass\u001b[39m=\u001b[32m\"font-mono text-[10px] sm:text-xs leading-none mt-0.5 text-scada-muted\"\u001b[39m\n              \u001b[36m>\u001b[39m\n                \u001b[0mتحكم تكنولوجي\u001b[0m\n              \u001b[36m</div>\u001b[39m\n            \u001b[36m</div>\u001b[39m\n          \u001b[36m</div>\u001b[39m\n          \u001b[36m<div\u001b[39m\n            \u001b[33mclass\u001b[39m=\u001b[32m\"flex items-center gap-2\"\u001b[39m\n          \u001b[36m>\u001b[39m\n            \u001b[36m<button\u001b[39m\n              \u001b[33mclass\u001b[39m=\u001b[32m\"p-2 rounded-lg text-scada-muted hover:text-primary hover:bg-scada-dim transition-colors\"\u001b[39m\n            \u001b[36m>\u001b[39m\n              \u001b[36m<svg\u001b[39m\n                \u001b[33mclass\u001b[39m=\u001b[32m\"lucide lucide-sun \"\u001b[39m\n                \u001b[33mfill\u001b[39m=\u001b[32m\"none\"\u001b[39m\n                \u001b[33mheight\u001b[39m=\u001b[32m\"18\"\u001b[39m\n                \u001b[33mstroke\u001b[39m=\u001b[32m\"currentColor\"\u001b[39m\n                \u001b[33mstroke-linecap\u001b[39m=\u001b[32m\"round\"\u001b[39m\n                \u001b[33mstroke-linejoin\u001b[39m=\u001b[32m\"round\"\u001b[39m\n                \u001b[33mstroke-width\u001b[39m=\u001b[32m\"2\"\u001b[39m\n                \u001b[33mviewBox\u001b[39m=\u001b[32m\"0 0 24 24\"\u001b[39m\n                \u001b[33mwidth\u001b[39m=\u001b[32m\"18\"\u001b[39m\n                \u001b[33mxmlns\u001b[39m=\u001b[32m\"http://www.w3.org/2000/svg\"\u001b[39m\n              \u001b[36m>\u001b[39m\n                \u001b[36m<circle\u001b[39m\n                  \u001b[33mcx\u001b[39m=\u001b[32m\"12\"\u001b[39m\n                  \u001b[33mcy\u001b[39m=\u001b[32m\"12\"\u001b[39m\n                  \u001b[33mr\u001b[39m=\u001b[32m\"4\"\u001b[39m\n                \u001b[36m/>\u001b[39m\n                \u001b[36m<path\u001b[39m\n                  \u001b[33md\u001b[39m=\u001b[32m\"M12 2v2\"\u001b[39m\n                \u001b[36m/>\u001b[39m\n                \u001b[36m<path\u001b[39m\n                  \u001b[33md\u001b[39m=\u001b[32m\"M12 20v2\"\u001b[39m\n                \u001b[36m/>\u001b[39m\n                \u001b[36m<path\u001b[39m\n                  \u001b[33md\u001b[39m=\u001b[32m\"m4.93 4.93 1.41 1.41\"\u001b[39m\n                \u001b[36m/>\u001b[39m\n                \u001b[36m<path\u001b[39m\n                  \u001b[33md\u001b[39m=\u001b[32m\"m17.66 17.66 1.41 1.41\"\u001b[39m\n                \u001b[36m/>\u001b[39m\n                \u001b[36m<path\u001b[39m\n                  \u001b[33md\u001b[39m=\u001b[32m\"M2 12h2\"\u001b[39m\n                \u001b[36m/>\u001b[39m\n                \u001b[36m<path\u001b[39m\n                  \u001b[33md\u001b[39m=\u001b[32m\"M20 12h2\"\u001b[39m\n                \u001b[36m/>\u001b[39m\n                \u001b[36m<path\u001b[39m\n                  \u001b[33md\u001b[39m=\u001b[32m\"m6.34 17.66-1.41 1.41\"\u001b[39m\n                \u001b[36m/>\u001b[39m\n                \u001b[36m<path\u001b[39m\n                  \u001b[33md\u001b[39m=\u001b[32m\"m19.07 4.93-1.41 1.41\"\u001b[39m\n                \u001b[36m/>\u001b[39m\n              \u001b[36m</svg>\u001b[39m\n            \u001b[36m</button>\u001b[39m\n            \u001b[36m<button\u001b[39m\n              \u001b[33mclass\u001b[39m=\u001b[32m\"px-3 py-1.5 rounded-lg text-xs font-medium text-scada-muted hover:text-primary hover:bg-scada-dim transition-colors border border-scada-border\"\u001b[39m\n            \u001b[36m>\u001b[39m\n              \u001b[0mAR\u001b[0m\n            \u001b[36m</button>\u001b[39m\n            \u001b[36m<div\u001b[39m\n              \u001b[33mclass\u001b[39m=\u001b[32m\"w-2 h-2 rounded-full bg-green-500 animate-pulse\"\u001b[39m\n            \u001b[36m/>\u001b[39m\n            \u001b[36m<div\u001b[39m\n              \u001b[33mclass\u001b[39m=\u001b[32m\"hidden sm:flex items-center gap-1.5 px-2 sm:px-3 py-1.5 border border-scada-border rounded-lg bg-scada-dim/50\"\u001b[39m\n            \u001b[36m>\u001b[39m\n              \u001b[36m<div\u001b[39m\n                \u001b[33mclass\u001b[39m=\u001b[32m\"w-1.5 h-1.5 rounded-full bg-green-500 flex-shrink-0\"\u001b[39m\n              \u001b[36m/>\u001b[39m\n              \u001b[36m<span\u001b[39m\n                \u001b[33mclass\u001b[39m=\u001b[32m\"font-mono text-[11px] sm:text-xs text-scada-text max-w-[80px] sm:max-w-none truncate\"\u001b[39m\n              \u001b[36m>\u001b[39m\n                \u001b[0madmin\u001b[0m\n              \u001b[36m</span>\u001b[39m\n            \u001b[36m</div>\u001b[39m\n            \u001b[36m<button\u001b[39m\n              \u001b[33mclass\u001b[39m=\u001b[32m\"p-1.5 sm:p-2 text-scada-muted hover:text-scada-text transition-colors\"\u001b[39m\n              \u001b[33mtitle\u001b[39m=\u001b[32m\"Sign Out\"\u001b[39m\n            \u001b[36m>\u001b[39m\n              \u001b[36m<svg\u001b[39m\n                \u001b[33mclass\u001b[39m=\u001b[32m\"lucide lucide-log-out w-4 h-4\"\u001b[39m\n                \u001b[33mfill\u001b[39m=\u001b[32m\"none\"\u001b[39m\n                \u001b[33mheight\u001b[39m=\u001b[32m\"24\"\u001b[39m\n                \u001b[33mstroke\u001b[39m=\u001b[32m\"currentColor\"\u001b[39m\n                \u001b[33mstroke-linecap\u001b[39m=\u001b[32m\"round\"\u001b[39m\n                \u001b[33mstroke-linejoin\u001b[39m=\u001b[32m\"round\"\u001b[39m\n                \u001b[33mstroke-width\u001b[39m=\u001b[32m\"2\"\u001b[39m\n                \u001b[33mviewBox\u001b[39m=\u001b[32m\"0 0 24 24\"\u001b[39m\n                \u001b[33mwidth\u001b[39m=\u001b[32m\"24\"\u001b[39m\n                \u001b[33mxmlns\u001b[39m=\u001b[32m\"http://www.w3.org/2000/svg\"\u001b[39m\n              \u001b[36m>\u001b[39m\n                \u001b[36m<path\u001b[39m\n                  \u001b[33md\u001b[39m=\u001b[32m\"M9 21H5a2 2 0 0 1-2-2V5a2 2 0 0 1 2-2h4\"\u001b[39m\n                \u001b[36m/>\u001b[39m\n                \u001b[36m<polyline\u001b[39m\n                  \u001b[33mpoints\u001b[39m=\u001b[32m\"16 17 21 12 16 7\"\u001b[39m\n                \u001b[36m/>\u001b[39m\n                \u001b[36m<line\u001b[39m\n                  \u001b[33mx1\u001b[39m=\u001b[32m\"21\"\u001b[39m\n                  \u001b[33mx2\u001b[39m=\u001b[32m\"9\"\u001b[39m\n                  \u001b[3...\n    at Object.getElementError (/home/ziad/ziad_ws/Tahakom-v1-DashBoard/node_modules/@testing-library/dom/dist/config.js:37:19)\n    at /home/ziad/ziad_ws/Tahakom-v1-DashBoard/node_modules/@testing-library/dom/dist/query-helpers.js:76:38\n    at /home/ziad/ziad_ws/Tahakom-v1-DashBoard/node_modules/@testing-library/dom/dist/query-helpers.js:52:17\n    at /home/ziad/ziad_ws/Tahakom-v1-DashBoard/node_modules/@testing-library/dom/dist/query-helpers.js:95:19\n    at /home/ziad/ziad_ws/Tahakom-v1-DashBoard/src/pages/Dashboard.test.jsx:182:19\n    at file:///home/ziad/ziad_ws/Tahakom-v1-DashBoard/node_modules/@vitest/runner/dist/chunk-artifact.js:302:11\n    at file:///home/ziad/ziad_ws/Tahakom-v1-DashBoard/node_modules/@vitest/runner/dist/chunk-artifact.js:1903:26\n    at file:///home/ziad/ziad_ws/Tahakom-v1-DashBoard/node_modules/@vitest/runner/dist/chunk-artifact.js:2326:20\n    at new Promise (<anonymous>)\n    at runWithCancel (file:///home/ziad/ziad_ws/Tahakom-v1-DashBoard/node_modules/@vitest/runner/dist/chunk-artifact.js:2323:10)"],"meta":{},"tags":[]},{"ancestorTitles":["Dashboard Integration"],"fullName":"Dashboard Integration renders output card on control tab","status":"failed","title":"renders output card on control tab","duration":132.11972800000058,"failureMessages":["TestingLibraryElementError: Unable to find an element with the text: Water Pump. This could be because the text is broken up by multiple elements. In this case, you can provide a function for your text matcher to make your matcher more flexible.\n\nIgnored nodes: comments, script, style\n\u001b[36m<body>\u001b[39m\n  \u001b[36m<div>\u001b[39m\n    \u001b[36m<div\u001b[39m\n      \u001b[33mclass\u001b[39m=\u001b[32m\"min-h-screen font-body bg-scada-bg\"\u001b[39m\n    \u001b[36m>\u001b[39m\n      \u001b[36m<header\u001b[39m\n        \u001b[33mclass\u001b[39m=\u001b[32m\"sticky top-0 z-40 bg-scada-panel border-b border-scada-border shadow-sm\"\u001b[39m\n      \u001b[36m>\u001b[39m\n        \u001b[36m<div\u001b[39m\n          \u001b[33mclass\u001b[39m=\u001b[32m\"flex items-center justify-between px-4 sm:px-6 h-12 sm:h-14\"\u001b[39m\n        \u001b[36m>\u001b[39m\n          \u001b[36m<div\u001b[39m\n            \u001b[33mclass\u001b[39m=\u001b[32m\"flex items-center gap-2 sm:gap-3 flex-shrink-0\"\u001b[39m\n          \u001b[36m>\u001b[39m\n            \u001b[36m<button\u001b[39m\n              \u001b[33maria-label\u001b[39m=\u001b[32m\"Menu\"\u001b[39m\n              \u001b[33mclass\u001b[39m=\u001b[32m\"p-1.5 rounded-lg transition-colors hover:bg-scada-dim mr-1 text-scada-text\"\u001b[39m\n            \u001b[36m>\u001b[39m\n              \u001b[36m<div\u001b[39m\n                \u001b[33mclass\u001b[39m=\u001b[32m\"flex flex-col gap-[5px]\"\u001b[39m\n              \u001b[36m>\u001b[39m\n                \u001b[36m<span\u001b[39m\n                  \u001b[33mclass\u001b[39m=\u001b[32m\"block w-5 h-0.5 bg-current rounded\"\u001b[39m\n                  \u001b[33mstyle\u001b[39m=\u001b[32m\"transition: transform 0.3s; transform: none;\"\u001b[39m\n                \u001b[36m/>\u001b[39m\n                \u001b[36m<span\u001b[39m\n                  \u001b[33mclass\u001b[39m=\u001b[32m\"block w-5 h-0.5 bg-current rounded\"\u001b[39m\n                  \u001b[33mstyle\u001b[39m=\u001b[32m\"transition: opacity 0.3s; opacity: 1;\"\u001b[39m\n                \u001b[36m/>\u001b[39m\n                \u001b[36m<span\u001b[39m\n                  \u001b[33mclass\u001b[39m=\u001b[32m\"block w-5 h-0.5 bg-current rounded\"\u001b[39m\n                  \u001b[33mstyle\u001b[39m=\u001b[32m\"transition: transform 0.3s; transform: none;\"\u001b[39m\n                \u001b[36m/>\u001b[39m\n              \u001b[36m</div>\u001b[39m\n            \u001b[36m</button>\u001b[39m\n            \u001b[36m<img\u001b[39m\n              \u001b[33malt\u001b[39m=\u001b[32m\"Tahakum Technology\"\u001b[39m\n              \u001b[33mclass\u001b[39m=\u001b[32m\"w-7 h-7 sm:w-8 sm:h-8\"\u001b[39m\n              \u001b[33msrc\u001b[39m=\u001b[32m\"./bolt-logo.svg\"\u001b[39m\n            \u001b[36m/>\u001b[39m\n            \u001b[36m<div\u001b[39m\n              \u001b[33mclass\u001b[39m=\u001b[32m\"hidden sm:block\"\u001b[39m\n            \u001b[36m>\u001b[39m\n              \u001b[36m<div\u001b[39m\n                \u001b[33mclass\u001b[39m=\u001b[32m\"font-display text-sm font-bold tracking-widest leading-none text-scada-text\"\u001b[39m\n              \u001b[36m>\u001b[39m\n                \u001b[0mTAHAKUM TECHNOLOGY\u001b[0m\n              \u001b[36m</div>\u001b[39m\n              \u001b[36m<div\u001b[39m\n                \u001b[33mclass\u001b[39m=\u001b[32m\"font-mono text-[10px] sm:text-xs leading-none mt-0.5 text-scada-muted\"\u001b[39m\n              \u001b[36m>\u001b[39m\n                \u001b[0mتحكم تكنولوجي\u001b[0m\n              \u001b[36m</div>\u001b[39m\n            \u001b[36m</div>\u001b[39m\n          \u001b[36m</div>\u001b[39m\n          \u001b[36m<div\u001b[39m\n            \u001b[33mclass\u001b[39m=\u001b[32m\"flex items-center gap-2\"\u001b[39m\n          \u001b[36m>\u001b[39m\n            \u001b[36m<button\u001b[39m\n              \u001b[33mclass\u001b[39m=\u001b[32m\"p-2 rounded-lg text-scada-muted hover:text-primary hover:bg-scada-dim transition-colors\"\u001b[39m\n            \u001b[36m>\u001b[39m\n              \u001b[36m<svg\u001b[39m\n                \u001b[33mclass\u001b[39m=\u001b[32m\"lucide lucide-sun \"\u001b[39m\n                \u001b[33mfill\u001b[39m=\u001b[32m\"none\"\u001b[39m\n                \u001b[33mheight\u001b[39m=\u001b[32m\"18\"\u001b[39m\n                \u001b[33mstroke\u001b[39m=\u001b[32m\"currentColor\"\u001b[39m\n                \u001b[33mstroke-linecap\u001b[39m=\u001b[32m\"round\"\u001b[39m\n                \u001b[33mstroke-linejoin\u001b[39m=\u001b[32m\"round\"\u001b[39m\n                \u001b[33mstroke-width\u001b[39m=\u001b[32m\"2\"\u001b[39m\n                \u001b[33mviewBox\u001b[39m=\u001b[32m\"0 0 24 24\"\u001b[39m\n                \u001b[33mwidth\u001b[39m=\u001b[32m\"18\"\u001b[39m\n                \u001b[33mxmlns\u001b[39m=\u001b[32m\"http://www.w3.org/2000/svg\"\u001b[39m\n              \u001b[36m>\u001b[39m\n                \u001b[36m<circle\u001b[39m\n                  \u001b[33mcx\u001b[39m=\u001b[32m\"12\"\u001b[39m\n                  \u001b[33mcy\u001b[39m=\u001b[32m\"12\"\u001b[39m\n                  \u001b[33mr\u001b[39m=\u001b[32m\"4\"\u001b[39m\n                \u001b[36m/>\u001b[39m
[...]
1b[39m=\u001b[32m\"block w-5 h-0.5 bg-current rounded\"\u001b[39m\n                  \u001b[33mstyle\u001b[39m=\u001b[32m\"transition: transform 0.3s; transform: none;\"\u001b[39m\n                \u001b[36m/>\u001b[39m\n              \u001b[36m</div>\u001b[39m\n            \u001b[36m</button>\u001b[39m\n            \u001b[36m<img\u001b[39m\n              \u001b[33malt\u001b[39m=\u001b[32m\"Tahakum Technology\"\u001b[39m\n              \u001b[33mclass\u001b[39m=\u001b[32m\"w-7 h-7 sm:w-8 sm:h-8\"\u001b[39m\n              \u001b[33msrc\u001b[39m=\u001b[32m\"./bolt-logo.svg\"\u001b[39m\n            \u001b[36m/>\u001b[39m\n            \u001b[36m<div\u001b[39m\n              \u001b[33mclass\u001b[39m=\u001b[32m\"hidden sm:block\"\u001b[39m\n            \u001b[36m>\u001b[39m\n              \u001b[36m<div\u001b[39m\n                \u001b[33mclass\u001b[39m=\u001b[32m\"font-display text-sm font-bold tracking-widest leading-none text-scada-text\"\u001b[39m\n              \u001b[36m>\u001b[39m\n                \u001b[0mTAHAKUM TECHNOLOGY\u001b[0m\n              \u001b[36m</div>\u001b[39m\n              \u001b[36m<div\u001b[39m\n                \u001b[33mclass\u001b[39m=\u001b[32m\"font-mono text-[10px] sm:text-xs leading-none mt-0.5 text-scada-muted\"\u001b[39m\n              \u001b[36m>\u001b[39m\n                \u001b[0mتحكم تكنولوجي\u001b[0m\n              \u001b[36m</div>\u001b[39m\n            \u001b[36m</div>\u001b[39m\n          \u001b[36m</div>\u001b[39m\n          \u001b[36m<div\u001b[39m\n            \u001b[33mclass\u001b[39m=\u001b[32m\"flex items-center gap-2\"\u001b[39m\n          \u001b[36m>\u001b[39m\n            \u001b[36m<button\u001b[39m\n              \u001b[33mclass\u001b[39m=\u001b[32m\"p-2 rounded-lg text-scada-muted hover:text-primary hover:bg-scada-dim transition-colors\"\u001b[39m\n            \u001b[36m>\u001b[39m\n              \u001b[36m<svg\u001b[39m\n                \u001b[33mclass\u001b[39m=\u001b[32m\"lucide lucide-sun \"\u001b[39m\n                \u001b[33mfill\u001b[39m=\u001b[32m\"none\"\u001b[39m\n                \u001b[33mheight\u001b[39m=\u001b[32m\"18\"\u001b[39m\n                \u001b[33mstroke\u001b[39m=\u001b[32m\"currentColor\"\u001b[39m\n                \u001b[33mstroke-linecap\u001b[39m=\u001b[32m\"round\"\u001b[39m\n                \u001b[33mstroke-linejoin\u001b[39m=\u001b[32m\"round\"\u001b[39m\n                \u001b[33mstroke-width\u001b[39m=\u001b[32m\"2\"\u001b[39m\n                \u001b[33mviewBox\u001b[39m=\u001b[32m\"0 0 24 24\"\u001b[39m\n                \u001b[33mwidth\u001b[39m=\u001b[32m\"18\"\u001b[39m\n                \u001b[33mxmlns\u001b[39m=\u001b[32m\"http://www.w3.org/2000/svg\"\u001b[39m\n              \u001b[36m>\u001b[39m\n                \u001b[36m<circle\u001b[39m\n                  \u001b[33mcx\u001b[39m=\u001b[32m\"12\"\u001b[39m\n                  \u001b[33mcy\u001b[39m=\u001b[32m\"12\"\u001b[39m\n                  \u001b[33mr\u001b[39m=\u001b[32m\"4\"\u001b[39m\n                \u001b[36m/>\u001b[39m\n                \u001b[36m<path\u001b[39m\n                  \u001b[33md\u001b[39m=\u001b[32m\"M12 2v2\"\u001b[39m\n                \u001b[36m/>\u001b[39m\n                \u001b[36m<path\u001b[39m\n                  \u001b[33md\u001b[39m=\u001b[32m\"M12 20v2\"\u001b[39m\n                \u001b[36m/>\u001b[39m\n                \u001b[36m<path\u001b[39m\n                  \u001b[33md\u001b[39m=\u001b[32m\"m4.93 4.93 1.41 1.41\"\u001b[39m\n                \u001b[36m/>\u001b[39m\n                \u001b[36m<path\u001b[39m\n                  \u001b[33md\u001b[39m=\u001b[32m\"m17.66 17.66 1.41 1.41\"\u001b[39m\n                \u001b[36m/>\u001b[39m\n                \u001b[36m<path\u001b[39m\n                  \u001b[33md\u001b[39m=\u001b[32m\"M2 12h2\"\u001b[39m\n                \u001b[36m/>\u001b[39m\n                \u001b[36m<path\u001b[39m\n                  \u001b[33md\u001b[39m=\u001b[32m\"M20 12h2\"\u001b[39m\n                \u001b[36m/>\u001b[39m\n                \u001b[36m<path\u001b[39m\n                  \u001b[33md\u001b[39m=\u001b[32m\"m6.34 17.66-1.41 1.41\"\u001b[39m\n                \u001b[36m/>\u001b[39m\n                \u001b[36m<path\u001b[39m\n                  \u001b[33md\u001b[39m=\u001b[32m\"m19.07 4.93-1.41 1.41\"\u001b[39m\n                \u001b[36m/>\u001b[39m\n              \u001b[36m</svg>\u001b[39m\n            \u001b[36m</button>\u001b[39m\n            \u001b[36m<button\u001b[39m\n              \u001b[33mclass\u001b[39m=\u001b[32m\"px-3 py-1.5 rounded-lg text-xs font-medium text-scada-muted hover:text-primary hover:bg-scada-dim transition-colors border border-scada-border\"\u001b[39m\n            \u001b[36m>\u001b[39m\n              \u001b[0mAR\u001b[0m\n            \u001b[36m</button>\u001b[39m\n            \u001b[36m<div\u001b[39m\n              \u001b[33mclass\u001b[39m=\u001b[32m\"w-2 h-2 rounded-full bg-green-500 animate-pulse\"\u001b[39m\n            \u001b[36m/>\u001b[39m\n            \u001b[36m<div\u001b[39m\n              \u001b[33mclass\u001b[39m=\u001b[32m\"hidden sm:flex items-center gap-1.5 px-2 sm:px-3 py-1.5 border border-scada-border rounded-lg bg-scada-dim/50\"\u001b[39m\n            \u001b[36m>\u001b[39m\n              \u001b[36m<div\u001b[39m\n                \u001b[33mclass\u001b[39m=\u001b[32m\"w-1.5 h-1.5 rounded-full bg-green-500 flex-shrink-0\"\u001b[39m\n              \u001b[36m/>\u001b[39m\n              \u001b[36m<span\u001b[39m\n                \u001b[33mclass\u001b[39m=\u001b[32m\"font-mono text-[11px] sm:text-xs text-scada-text max-w-[80px] sm:max-w-none truncate\"\u001b[39m\n              \u001b[36m>\u001b[39m\n                \u001b[0madmin\u001b[0m\n              \u001b[36m</span>\u001b[39m\n            \u001b[36m</div>\u001b[39m\n            \u001b[36m<button\u001b[39m\n              \u001b[33mclass\u001b[39m=\u001b[32m\"p-1.5 sm:p-2 text-scada-muted hover:text-scada-text transition-colors\"\u001b[39m\n              \u001b[33mtitle\u001b[39m=\u001b[32m\"Sign Out\"\u001b[39m\n            \u001b[36m>\u001b[39m\n              \u001b[36m<svg\u001b[39m\n                \u001b[33mclass\u001b[39m=\u001b[32m\"lucide lucide-log-out w-4 h-4\"\u001b[39m\n                \u001b[33mfill\u001b[39m=\u001b[32m\"none\"\u001b[39m\n                \u001b[33mheight\u001b[39m=\u001b[32m\"24\"\u001b[39m\n                \u001b[33mstroke\u001b[39m=\u001b[32m\"currentColor\"\u001b[39m\n                \u001b[33mstroke-linecap\u001b[39m=\u001b[32m\"round\"\u001b[39m\n                \u001b[33mstroke-linejoin\u001b[39m=\u001b[32m\"round\"\u001b[39m\n                \u001b[33mstroke-width\u001b[39m=\u001b[32m\"2\"\u001b[39m\n                \u001b[33mviewBox\u001b[39m=\u001b[32m\"0 0 24 24\"\u001b[39m\n                \u001b[33mwidth\u001b[39m=\u001b[32m\"24\"\u001b[39m\n                \u001b[33mxmlns\u001b[39m=\u001b[32m\"http://www.w3.org/2000/svg\"\u001b[39m\n              \u001b[36m>\u001b[39m\n                \u001b[36m<path\u001b[39m\n                  \u001b[33md\u001b[39m=\u001b[32m\"M9 21H5a2 2 0 0 1-2-2V5a2 2 0 0 1 2-2h4\"\u001b[39m\n                \u001b[36m/>\u001b[39m\n                \u001b[36m<polyline\u001b[39m\n                  \u001b[33mpoints\u001b[39m=\u001b[32m\"16 17 21 12 16 7\"\u001b[39m\n                \u001b[36m/>\u001b[39m\n                \u001b[36m<line\u001b[39m\n                  \u001b[33mx1\u001b[39m=\u001b[32m\"21\"\u001b[39m\n                  \u001b[33mx2\u001b[39m=\u001b[32m\"9\"\u001b[39m\n                  \u001b[3...\n    at Object.getElementError (/home/ziad/ziad_ws/Tahakom-v1-DashBoard/node_modules/@testing-library/dom/dist/config.js:37:19)\n    at /home/ziad/ziad_ws/Tahakom-v1-DashBoard/node_modules/@testing-library/dom/dist/query-helpers.js:76:38\n    at /home/ziad/ziad_ws/Tahakom-v1-DashBoard/node_modules/@testing-library/dom/dist/query-helpers.js:52:17\n    at /home/ziad/ziad_ws/Tahakom-v1-DashBoard/node_modules/@testing-library/dom/dist/query-helpers.js:95:19\n    at /home/ziad/ziad_ws/Tahakom-v1-DashBoard/src/pages/Dashboard.test.jsx:235:28\n    at file:///home/ziad/ziad_ws/Tahakom-v1-DashBoard/node_modules/@vitest/runner/dist/chunk-artifact.js:302:11\n    at file:///home/ziad/ziad_ws/Tahakom-v1-DashBoard/node_modules/@vitest/runner/dist/chunk-artifact.js:1903:26\n    at file:///home/ziad/ziad_ws/Tahakom-v1-DashBoard/node_modules/@vitest/runner/dist/chunk-artifact.js:2326:20\n    at new Promise (<anonymous>)\n    at runWithCancel (file:///home/ziad/ziad_ws/Tahakom-v1-DashBoard/node_modules/@vitest/runner/dist/chunk-artifact.js:2323:10)"],"meta":{},"tags":[]},{"ancestorTitles":["Dashboard Integration"],"fullName":"Dashboard Integration opens drawer and navigates to energy tab","status":"failed","title":"opens drawer and navigates to energy tab","duration":151.3934020000006,"failureMessages":["TestingLibraryElementError: Unable to find an element with the text: ENERGY TRACKING. This could be because the text is broken up by multiple elements. In this case, you can provide a function for your text matcher to make your matcher more flexible.\n\nIgnored nodes: comments, script, style\n\u001b[36m<body>\u001b[39m\n  \u001b[36m<div>\u001b[39m\n    \u001b[36m<div\u001b[39m\n      \u001b[33mclass\u001b[39m=\u001b[32m\"min-h-screen font-body bg-scada-bg\"\u001b[39m\n    \u001b[36m>\u001b[39m\n      \u001b[36m<header\u001b[39m\n        \u001b[33mclass\u001b[39m=\u001b[32m\"sticky top-0 z-40 bg-scada-panel border-b border-scada-border shadow-sm\"\u001b[39m\n      \u001b[36m>\u001b[39m\n        \u001b[36m<div\u001b[39m\n          \u001b[33mclass\u001b[39m=\u001b[32m\"flex items-center justify-between px-4 sm:px-6 h-12 sm:h-14\"\u001b[39m\n        \u001b[36m>\u001b[39m\n          \u001b[36m<div\u001b[39m\n            \u001b[33mclass\u001b[39m=\u001b[32m\"flex items-center gap-2 sm:gap-3 flex-shrink-0\"\u001b[39m\n          \u001b[36m>\u001b[39m\n            \u001b[36m<button\u001b[39m\n              \u001b[33maria-label\u001b[39m=\u001b[32m\"Menu\"\u001b[39m\n              \u001b[33mclass\u001b[39m=\u001b[32m\"p-1.5 rounded-lg transition-colors hover:bg-scada-dim mr-1 text-scada-text\"\u001b[39m\n            \u001b[36m>\u001b[39m\n              \u001b[36m<div\u001b[39m\n                \u001b[33mclass\u001b[39m=\u001b[32m\"flex flex-col gap-[5px]\"\u001b[39m\n              \u001b[36m>\u001b[39m\n                \u001b[36m<span\u001b[39m\n                  \u001b[33mclass\u001b[39m=\u001b[32m\"block w-5 h-0.5 bg-current rounded\"\u001b[39m\n                  \u001b[33mstyle\u001b[39m=\u001b[32m\"transition: transform 0.3s; transform: none;\"\u001b[39m\n                \u001b[36m/>\u001b[39m\n                \u001b[36m<span\u001b[39m\n                  \u001b[33mclass\u001b[39m=\u001b[32m\"block w-5 h-0.5 bg-current rounded\"\u001b[39m\n                  \u001b[33mstyle\u001b[39m=\u001b[32m\"transition: opacity 0.3s; opacity: 1;\"\u001b[39m\n                \u001b[36m/>\u001b[39m\n                \u001b[36m<span\u001b[39m\n                  \u001b[33mclass\u001b[39m=\u001b[32m\"block w-5 h-0.5 bg-current rounded\"\u001b[39m\n                  \u001b[33mstyle\u001b[39m=\u001b[32m\"transition: transform 0.3s; transform: none;\"\u001b[39m\n                \u001b[36m/>\u001b[39m\n              \u001b[36m</div>\u001b[39m\n            \u001b[36m</button>\u001b[39m\n            \u001b[36m<img\u001b[39m\n              \u001b[33malt\u001b[39m=\u001b[32m\"Tahakum Technology\"\u001b[39m\n              \u001b[33mclass\u001b[39m=\u001b[32m\"w-7 h-7 sm:w-8 sm:h-8\"\u001b[39m\n              \u001b[33msrc\u001b[39m=\u001b[32m\"./bolt-logo.svg\"\u001b[39m\n            \u001b[36m/>\u001b[39m\n            \u001b[36m<div\u001b[39m\n              \u001b[33mclass\u001b[39m=\u001b[32m\"hidden sm:block\"\u001b[39m\n            \u001b[36m>\u001b[39m\n              \u001b[36m<div\u001b[39m\n                \u001b[33mclass\u001b[39m=\u001b[32m\"font-display text-sm font-bold tracking-widest leading-none text-scada-text\"\u001b[39m\n              \u001b[36m>\u001b[39m\n                \u001b[0mTAHAKUM TECHNOLOGY\u001b[0m\n              \u001b[36m</div>\u001b[39m\n              \u001b[36m<div\u001b[39m\n                \u001b[33mclass\u001b[39m=\u001b[32m\"font-mono text-[10px] sm:text-xs leading-none mt-0.5 text-scada-muted\"\u001b[39m\n              \u001b[36m>\u001b[39m\n                \u001b[0mتحكم تكنولوجي\u001b[0m\n              \u001b[36m</div>\u001b[39m\n            \u001b[36m</div>\u001b[39m\n          \u001b[36m</div>\u001b[39m\n          \u001b[36m<div\u001b[39m\n            \u001b[33mclass\u001b[39m=\u001b[32m\"flex items-center gap-2\"\u001b[39m\n          \u001b[36m>\u001b[39m\n            \u001b[36m<button\u001b[39m\n              \u001b[33mclass\u001b[39m=\u001b[32m\"p-2 rounded-lg text-scada-muted hover:text-primary hover:bg-scada-dim transition-colors\"\u001b[39m\n            \u001b[36m>\u001b[39m\n              \u001b[36m<svg\u001b[39m\n                \u001b[33mclass\u001b[39m=\u001b[32m\"lucide lucide-sun \"\u001b[39m\n                \u001b[33mfill\u001b[39m=\u001b[32m\"none\"\u001b[39m\n                \u001b[33mheight\u001b[39m=\u001b[32m\"18\"\u001b[39m\n                \u001b[33mstroke\u001b[39m=\u001b[32m\"currentColor\"\u001b[39m\n                \u001b[33mstroke-linecap\u001b[39m=\u001b[32m\"round\"\u001b[39m\n                \u001b[33mstroke-linejoin\u001b[39m=\u001b[32m\"round\"\u001b[39m\n                \u001b[33mstroke-width\u001b[39m=\u001b[32m\"2\"\u001b[39m\n                \u001b[33mviewBox\u001b[39m=\u001b[32m\"0 0 24 24\"\u001b[39m\n                \u001b[33mwidth\u001b[39m=\u001b[32m\"18\"\u001b[39m\n                \u001b[33mxmlns\u001b[39m=\u001b[32m\"http://www.w3.org/2000/svg\"\u001b[39m\n              \u001b[36m>\u001b[39m\n                \u001b[36m<circle\u001b[39m\n                  \u001b[33mcx\u001b[39m=\u001b[32m\"12\"\u001b[39m\n                  \u001b[33mcy\u001b[39m=\u001b[32m\"12\"\u001b[39m\n                  \u001b[33mr\u001b[39m=\u001b[32m\"4\"\u001b[39m\n                \u001b[36m/>\u001b[39m\n                \u001b[36m<path\u001b[39m\n                  \u001b[33md\u001b[39m=\u001b[32m\"M12 2v2\"\u001b[39m\n                \u001b[36m/>\u001b[39m\n                \u001b[36m<path\u001b[39m\n                  \u001b[33md\u001b[39m=\u001b[32m\"M12 20v2\"\u001b[39m\n                \u001b[36m/>\u001b[39m\n                \u001b[36m<path\u001b[39m\n                  \u001b[33md\u001b[39m=\u001b[32m\"m4.93 4.93 1.41 1.41\"\u001b[39m\n                \u001b[36m/>\u001b[39m\n                \u001b[36m<path\u001b[39m\n                  \u001b[33md\u001b[39m=\u001b[32m\"m17.66 17.66 1.41 1.41\"\u001b[39m\n                \u001b[36m/>\u001b[39m\n                \u001b[36m<path\u001b[39m\n                  \u001b[33md\u001b[39m=\u001b[32m\"M2 12h2\"\u001b[39m\n                \u001b[36m/>\u001b[39m\n                \u001b[36m<path\u001b[39m\n                  \u001b[33md\u001b[39m=\u001b[32m\"M20 12h2\"\u001b[39m\n                \u001b[36m/>\u001b[39m\n                \u001b[36m<path\u001b[39m\n                  \u001b[33md\u001b[39m=\u001b[32m\"m6.34 17.66-1.41 1.41\"\u001b[39m\n                \u001b[36m/>\u001b[39m\n                \u001b[36m<path\u001b[39m\n                  \u001b[33md\u001b[39m=\u001b[32m\"m19.07 4.93-1.41 1.41\"\u001b[39m\n                \u001b[36m/>\u001b[39m\n              \u001b[36m</svg>\u001b[39m\n            \u001b[36m</button>\u001b[39m\n            \u001b[36m<button\u001b[39m\n              \u001b[33mclass\u001b[39m=\u001b[32m\"px-3 py-1.5 rounded-lg text-xs font-medium text-scada-muted hover:text-primary hover:bg-scada-dim transition-colors border border-scada-border\"\u001b[39m\n            \u001b[36m>\u001b[39m\n              \u001b[0mAR\u001b[0m\n            \u001b[36m</button>\u001b[39m\n            \u001b[36m<div\u001b[39m\n              \u001b[33mclass\u001b[39m=\u001b[32m\"w-2 h-2 rounded-full bg-green-500 animate-pulse\"\u001b[39m\n            \u001b[36m/>\u001b[39m\n            \u001b[36m<div\u001b[39m\n              \u001b[33mclass\u001b[39m=\u001b[32m\"hidden sm:flex items-center gap-1.5 px-2 sm:px-3 py-1.5 border border-scada-border rounded-lg bg-scada-dim/50\"\u001b[39m\n            \u001b[36m>\u001b[39m\n              \u001b[36m<div\u001b[39m\n                \u001b[33mclass\u001b[39m=\u001b[32m\"w-1.5 h-1.5 rounded-full bg-green-500 flex-shrink-0\"\u001b[39m\n              \u001b[36m/>\u001b[39m\n              \u001b[36m<span\u001b[39m\n                \u001b[33mclass\u001b[39m=\u001b[32m\"font-mono text-[11px] sm:text-xs text-scada-text max-w-[80px] sm:max-w-none truncate\"\u001b[39m\n              \u001b[36m>\u001b[39m\n                \u001b[0madmin\u001b[0m\n              \u001b[36m</span>\u001b[39m\n            \u001b[36m</div>\u001b[39m\n            \u001b[36m<button\u001b[39m\n              \u001b[33mclass\u001b[39m=\u001b[32m\"p-1.5 sm:p-2 text-scada-muted hover:text-scada-text transition-colors\"\u001b[39m\n              \u001b[33mtitle\u001b[39m=\u001b[32m\"Sign Out\"\u001b[39m\n            \u001b[36m>\u001b[39m\n              \u001b[36m<svg\u001b[39m\n                \u001b[33mclass\u001b[39m=\u001b[32m\"lucide lucide-log-out w-4 h-4\"\u001b[39m\n                \u001b[33mfill\u001b[39m=\u001b[32m\"none\"\u001b[39m\n                \u001b[33mheight\u001b[39m=\u001b[32m\"24\"\u001b[39m\n                \u001b[33mstroke\u001b[39m=\u001b[32m\"currentColor\"\u001b[39m\n                \u001b[33mstroke-linecap\u001b[39m=\u001b[32m\"round\"\u001b[39m\n                \u001b[33mstroke-linejoin\u001b[39m=\u001b[32m\"round\"\u001b[39m\n                \u001b[33mstroke-width\u001b[39m=\u001b[32m\"2\"\u001b[39m\n                \u001b[33mviewBox\u001b[39m=\u001b[32m\"0 0 24 24\"\u001b[39m\n                \u001b[33mwidth\u001b[39m=\u001b[32m\"24\"\u001b[39m\n                \u001b[33mxmlns\u001b[39m=\u001b[32m\"http://www.w3.org/2000/svg\"\u001b[39m\n              \u001b[36m>\u001b[39m\n                \u001b[36m<path\u001b[39m\n                  \u001b[33md\u001b[39m=\u001b[32m\"M9 21H5a2 2 0 0 1-2-2V5a2 2 0 0 1 2-2h4\"\u001b[39m\n                \u001b[36m/>\u001b[39m\n                \u001b[36m<polyline\u001b[39m\n                  \u001b[33mpoints\u001b[39m=\u001b[32m\"16 17 21 12 16 7\"\u001b[39m\n                \u001b[36m/>\u001b[39m\n                \u001b[36m<line\u001b[39m\n                  \u001b[33mx1\u001b[39m=\u001b[32m\"21\"\u001b[39m\n                  \u001b[33mx2\u001b[39m=\u001b[32m\"9\"\u001b[39m\n                  \u001b[3...\n    at Object.getElementError (/home/ziad/ziad_ws/Tahakom-v1-DashBoard/node_modules/@testing-library/dom/dist/config.js:37:19)\n    at /home/ziad/ziad_ws/Tahakom-v1-DashBoard/node_modules/@testing-library/dom/dist/query-helpers.js:76:38\n    at /home/ziad/ziad_ws/Tahakom-v1-DashBoard/node_modules/@testing-library/dom/dist/query-helpers.js:52:17\n    at /home/ziad/ziad_ws/Tahakom-v1-DashBoard/node_modules/@testing-library/dom/dist/query-helpers.js:95:19\n    at /home/ziad/ziad_ws/Tahakom-v1-DashBoard/src/pages/Dashboard.test.jsx:244:19\n    at file:///home/ziad/ziad_ws/Tahakom-v1-DashBoard/node_modules/@vitest/runner/dist/chunk-artifact.js:302:11\n    at file:///home/ziad/ziad_ws/Tahakom-v1-DashBoard/node_modules/@vitest/runner/dist/chunk-artifact.js:1903:26\n    at file:///home/ziad/ziad_ws/Tahakom-v1-DashBoard/node_modules/@vitest/runner/dist/chunk-artifact.js:2326:20\n    at new Promise (<anonymous>)\n    at runWithCancel (file:///home/ziad/ziad_ws/Tahakom-v1-DashBoard/node_modules/@vitest/runner/dist/chunk-artifact.js:2323:10)"],"meta":{},"tags":[]},{"ancestorTitles":["Dashboard Integration"],"fullName":"Dashboard Integration shows delete buttons on sensor cards","status":"passed","title":"shows delete buttons on sensor cards","duration":56.583323000000746,"failureMessages":[],"meta":{},"tags":[]}],"startTime":1784645896764,"endTime":1784645898890.5833,"status":"failed","message":"","name":"/home/ziad/ziad_ws/Tahakom-v1-DashBoard/src/pages/Dashboard.test.jsx"}]}